{"meta": {"format": 3, "version": "7.13.1", "timestamp": "2026-01-12T12:28:17.182077", "branch_coverage": false, "show_contexts": false}, "files": {"src/extraction/__init__.py": {"executed_lines": [7, 10, 12], "summary": {"covered_lines": 3, "num_statements": 3, "percent_covered": 100.0, "percent_covered_display": "100", "missing_lines": 0, "excluded_lines": 0, "percent_statements_covered": 100.0, "percent_statements_covered_display": "100"}, "missing_lines": [], "excluded_lines": [], "functions": {"": {"executed_lines": [7, 10, 12], "summary": {"covered_lines": 3, "num_statements": 3, "percent_covered": 100.0, "percent_covered_display": "100", "missing_lines": 0, "excluded_lines": 0, "percent_statements_covered": 100.0, "percent_statements_covered_display": "100"}, "missing_lines": [], "excluded_lines": [], "start_line": 1}}, "classes": {"": {"executed_lines": [7, 10, 12], "summary": {"covered_lines": 3, "num_statements": 3, "percent_covered": 100.0, "percent_covered_display": "100", "missing_lines": 0, "excluded_lines": 0, "percent_statements_covered": 100.0, "percent_statements_covered_display": "100"}, "missing_lines": [], "excluded_lines": [], "start_line": 1}}}, "src/extraction/analyzers/__init__.py": {"executed_lines": [3, 4, 5, 7], "summary": {"covered_lines": 4, "num_statements": 4, "percent_covered": 100.0, "percent_covered_display": "100", "missing_lines": 0, "excluded_lines": 0, "percent_statements_covered": 100.0, "percent_statements_covered_display": "100"}, "missing_lines": [], "excluded_lines": [], "functions": {"": {"executed_lines": [3, 4, 5, 7], "summary": {"covered_lines": 4, "num_statements": 4, "percent_covered": 100.0, "percent_covered_display": "100", "missing_lines": 0, "excluded_lines": 0, "percent_statements_covered": 100.0, "percent_statements_covered_display": "100"}, "missing_lines": [], "excluded_lines": [], "start_line": 1}}, "classes": {"": {"executed_lines": [3, 4, 5, 7], "summary": {"covered_lines": 4, "num_statements": 4, "percent_covered": 100.0, "percent_covered_display": "100", "missing_lines": 0, "excluded_lines": 0, "percent_statements_covered": 100.0, "percent_statements_covered_display": "100"}, "missing_lines": [], "excluded_lines": [], "start_line": 1}}}, "src/extraction/analyzers/base.py": {"executed_lines": [11, 12, 15, 32, 39, 122, 161], "summary": {"covered_lines": 7, "num_statements": 11, "percent_covered": 63.63636363636363, "percent_covered_display": "64", "missing_lines": 4, "excluded_lines": 98, "percent_statements_covered": 63.63636363636363, "percent_statements_covered_display": "64"}, "missing_lines": [136, 173, 174, 175], "excluded_lines": [41, 42, 43, 44, 45, 46, 47, 48, 49, 50, 51, 52, 53, 54, 55, 57, 58, 59, 60, 61, 62, 63, 64, 65, 66, 67, 68, 69, 70, 71, 72, 74, 75, 76, 77, 78, 79, 80, 81, 82, 83, 84, 85, 86, 87, 89, 90, 91, 92, 93, 94, 95, 96, 97, 98, 99, 100, 101, 102, 103, 104, 106, 107, 108, 109, 110, 111, 112, 113, 114, 115, 116, 117, 118, 119, 120, 138, 139, 140, 141, 142, 143, 144, 145, 146, 147, 148, 149, 150, 151, 152, 153, 154, 155, 156, 157, 158, 159], "functions": {"BaseAnalyzer.__init__": {"executed_lines": [39], "summary": {"covered_lines": 1, "num_statements": 1, "percent_covered": 100.0, "percent_covered_display": "100", "missing_lines": 0, "excluded_lines": 0, "percent_statements_covered": 100.0, "percent_statements_covered_display": "100"}, "missing_lines": [], "excluded_lines": [], "start_line": 32}, "BaseAnalyzer.infer_document_type": {"executed_lines": [], "summary": {"covered_lines": 0, "num_statements": 0, "percent_covered": 100.0, "percent_covered_display": "100", "missing_lines": 0, "excluded_lines": 13, "percent_statements_covered": 100.0, "percent_statements_covered_display": "100"}, "missing_lines": [], "excluded_lines": [43, 44, 45, 46, 47, 48, 49, 50, 51, 52, 53, 54, 55], "start_line": 42}, "BaseAnalyzer.extract_subjects": {"executed_lines": [], "summary": {"covered_lines": 0, "num_statements": 0, "percent_covered": 100.0, "percent_covered_display": "100", "missing_lines": 0, "excluded_lines": 14, "percent_statements_covered": 100.0, "percent_statements_covered_display": "100"}, "missing_lines": [], "excluded_lines": [59, 60, 61, 62, 63, 64, 65, 66, 67, 68, 69, 70, 71, 72], "start_line": 58}, "BaseAnalyzer.extract_themes": {"executed_lines": [], "summary": {"covered_lines": 0, "num_statements": 0, "percent_covered": 100.0, "percent_covered_display": "100", "missing_lines": 0, "excluded_lines": 12, "percent_statements_covered": 100.0, "percent_statements_covered_display": "100"}, "missing_lines": [], "excluded_lines": [76, 77, 78, 79, 80, 81, 82, 83, 84, 85, 86, 87], "start_line": 75}, "BaseAnalyzer.extract_related_documents": {"executed_lines": [], "summary": {"covered_lines": 0, "num_statements": 0, "percent_covered": 100.0, "percent_covered_display": "100", "missing_lines": 0, "excluded_lines": 14, "percent_statements_covered": 100.0, "percent_statements_covered_display": "100"}, "missing_lines": [], "excluded_lines": [91, 92, 93, 94, 95, 96, 97, 98, 99, 100, 101, 102, 103, 104], "start_line": 90}, "BaseAnalyzer.infer_geographic_focus": {"executed_lines": [], "summary": {"covered_lines": 0, "num_statements": 0, "percent_covered": 100.0, "percent_covered_display": "100", "missing_lines": 0, "excluded_lines": 13, "percent_statements_covered": 100.0, "percent_statements_covered_display": "100"}, "missing_lines": [], "excluded_lines": [108, 109, 110, 111, 112, 113, 114, 115, 116, 117, 118, 119, 120], "start_line": 107}, "BaseAnalyzer.extract_promulgation_date": {"executed_lines": [], "summary": {"covered_lines": 0, "num_statements": 1, "percent_covered": 0.0, "percent_covered_display": "0", "missing_lines": 1, "excluded_lines": 0, "percent_statements_covered": 0.0, "percent_statements_covered_display": "0"}, "missing_lines": [136], "excluded_lines": [], "start_line": 122}, "BaseAnalyzer.enrich_metadata": {"executed_lines": [], "summary": {"covered_lines": 0, "num_statements": 0, "percent_covered": 100.0, "percent_covered_display": "100", "missing_lines": 0, "excluded_lines": 15, "percent_statements_covered": 100.0, "percent_statements_covered_display": "100"}, "missing_lines": [], "excluded_lines": [145, 146, 147, 148, 149, 150, 151, 152, 153, 154, 155, 156, 157, 158, 159], "start_line": 139}, "BaseAnalyzer.calculate_stats": {"executed_lines": [], "summary": {"covered_lines": 0, "num_statements": 3, "percent_covered": 0.0, "percent_covered_display": "0", "missing_lines": 3, "excluded_lines": 0, "percent_statements_covered": 0.0, "percent_statements_covered_display": "0"}, "missing_lines": [173, 174, 175], "excluded_lines": [], "start_line": 161}, "": {"executed_lines": [11, 12, 15, 32, 122, 161], "summary": {"covered_lines": 6, "num_statements": 6, "percent_covered": 100.0, "percent_covered_display": "100", "missing_lines": 0, "excluded_lines": 17, "percent_statements_covered": 100.0, "percent_statements_covered_display": "100"}, "missing_lines": [], "excluded_lines": [41, 42, 57, 58, 74, 75, 89, 90, 106, 107, 138, 139, 140, 141, 142, 143, 144], "start_line": 1}}, "classes": {"BaseAnalyzer": {"executed_lines": [39], "summary": {"covered_lines": 1, "num_statements": 5, "percent_covered": 20.0, "percent_covered_display": "20", "missing_lines": 4, "excluded_lines": 81, "percent_statements_covered": 20.0, "percent_statements_covered_display": "20"}, "missing_lines": [136, 173, 174, 175], "excluded_lines": [43, 44, 45, 46, 47, 48, 49, 50, 51, 52, 53, 54, 55, 59, 60, 61, 62, 63, 64, 65, 66, 67, 68, 69, 70, 71, 72, 76, 77, 78, 79, 80, 81, 82, 83, 84, 85, 86, 87, 91, 92, 93, 94, 95, 96, 97, 98, 99, 100, 101, 102, 103, 104, 108, 109, 110, 111, 112, 113, 114, 115, 116, 117, 118, 119, 120, 145, 146, 147, 148, 149, 150, 151, 152, 153, 154, 155, 156, 157, 158, 159], "start_line": 15}, "": {"executed_lines": [11, 12, 15, 32, 122, 161], "summary": {"covered_lines": 6, "num_statements": 6, "percent_covered": 100.0, "percent_covered_display": "100", "missing_lines": 0, "excluded_lines": 17, "percent_statements_covered": 100.0, "percent_statements_covered_display": "100"}, "missing_lines": [], "excluded_lines": [41, 42, 57, 58, 74, 75, 89, 90, 106, 107, 138, 139, 140, 141, 142, 143, 144], "start_line": 1}}}, "src/extraction/analyzers/catholic.py": {"executed_lines": [15, 16, 17, 19, 20, 21, 24, 33, 56, 105, 129, 145, 164, 182, 203, 225, 243, 261, 286, 312], "summary": {"covered_lines": 20, "num_statements": 74, "percent_covered": 27.027027027027028, "percent_covered_display": "27", "missing_lines": 54, "excluded_lines": 0, "percent_statements_covered": 27.027027027027028, "percent_statements_covered_display": "27"}, "missing_lines": [156, 159, 160, 161, 162, 176, 177, 178, 179, 180, 195, 196, 201, 215, 216, 217, 218, 219, 220, 221, 223, 237, 241, 255, 256, 257, 258, 259, 275, 276, 279, 284, 298, 299, 300, 301, 303, 304, 306, 307, 334, 335, 336, 337, 338, 341, 342, 345, 346, 347, 350, 351, 352, 354], "excluded_lines": [], "functions": {"CatholicAnalyzer.__init__": {"executed_lines": [], "summary": {"covered_lines": 0, "num_statements": 5, "percent_covered": 0.0, "percent_covered_display": "0", "missing_lines": 5, "excluded_lines": 0, "percent_statements_covered": 0.0, "percent_statements_covered_display": "0"}, "missing_lines": [156, 159, 160, 161, 162], "excluded_lines": [], "start_line": 145}, "CatholicAnalyzer.infer_document_type": {"executed_lines": [], "summary": {"covered_lines": 0, "num_statements": 5, "percent_covered": 0.0, "percent_covered_display": "0", "missing_lines": 5, "excluded_lines": 0, "percent_statements_covered": 0.0, "percent_statements_covered_display": "0"}, "missing_lines": [176, 177, 178, 179, 180], "excluded_lines": [], "start_line": 164}, "CatholicAnalyzer.extract_subjects": {"executed_lines": [], "summary": {"covered_lines": 0, "num_statements": 3, "percent_covered": 0.0, "percent_covered_display": "0", "missing_lines": 3, "excluded_lines": 0, "percent_statements_covered": 0.0, "percent_statements_covered_display": "0"}, "missing_lines": [195, 196, 201], "excluded_lines": [], "start_line": 182}, "CatholicAnalyzer.extract_themes": {"executed_lines": [], "summary": {"covered_lines": 0, "num_statements": 8, "percent_covered": 0.0, "percent_covered_display": "0", "missing_lines": 8, "excluded_lines": 0, "percent_statements_covered": 0.0, "percent_statements_covered_display": "0"}, "missing_lines": [215, 216, 217, 218, 219, 220, 221, 223], "excluded_lines": [], "start_line": 203}, "CatholicAnalyzer.extract_related_documents": {"executed_lines": [], "summary": {"covered_lines": 0, "num_statements": 2, "percent_covered": 0.0, "percent_covered_display": "0", "missing_lines": 2, "excluded_lines": 0, "percent_statements_covered": 0.0, "percent_statements_covered_display": "0"}, "missing_lines": [237, 241], "excluded_lines": [], "start_line": 225}, "CatholicAnalyzer.infer_geographic_focus": {"executed_lines": [], "summary": {"covered_lines": 0, "num_statements": 5, "percent_covered": 0.0, "percent_covered_display": "0", "missing_lines": 5, "excluded_lines": 0, "percent_statements_covered": 0.0, "percent_statements_covered_display": "0"}, "missing_lines": [255, 256, 257, 258, 259], "excluded_lines": [], "start_line": 243}, "CatholicAnalyzer.extract_promulgation_date": {"executed_lines": [], "summary": {"covered_lines": 0, "num_statements": 4, "percent_covered": 0.0, "percent_covered_display": "0", "missing_lines": 4, "excluded_lines": 0, "percent_statements_covered": 0.0, "percent_statements_covered_display": "0"}, "missing_lines": [275, 276, 279, 284], "excluded_lines": [], "start_line": 261}, "CatholicAnalyzer.rollup_footnotes": {"executed_lines": [], "summary": {"covered_lines": 0, "num_statements": 8, "percent_covered": 0.0, "percent_covered_display": "0", "missing_lines": 8, "excluded_lines": 0, "percent_statements_covered": 0.0, "percent_statements_covered_display": "0"}, "missing_lines": [298, 299, 300, 301, 303, 304, 306, 307], "excluded_lines": [], "start_line": 286}, "CatholicAnalyzer.enrich_metadata": {"executed_lines": [], "summary": {"covered_lines": 0, "num_statements": 14, "percent_covered": 0.0, "percent_covered_display": "0", "missing_lines": 14, "excluded_lines": 0, "percent_statements_covered": 0.0, "percent_statements_covered_display": "0"}, "missing_lines": [334, 335, 336, 337, 338, 341, 342, 345, 346, 347, 350, 351, 352, 354], "excluded_lines": [], "start_line": 312}, "": {"executed_lines": [15, 16, 17, 19, 20, 21, 24, 33, 56, 105, 129, 145, 164, 182, 203, 225, 243, 261, 286, 312], "summary": {"covered_lines": 20, "num_statements": 20, "percent_covered": 100.0, "percent_covered_display": "100", "missing_lines": 0, "excluded_lines": 0, "percent_statements_covered": 100.0, "percent_statements_covered_display": "100"}, "missing_lines": [], "excluded_lines": [], "start_line": 1}}, "classes": {"CatholicAnalyzer": {"executed_lines": [], "summary": {"covered_lines": 0, "num_statements": 54, "percent_covered": 0.0, "percent_covered_display": "0", "missing_lines": 54, "excluded_lines": 0, "percent_statements_covered": 0.0, "percent_statements_covered_display": "0"}, "missing_lines": [156, 159, 160, 161, 162, 176, 177, 178, 179, 180, 195, 196, 201, 215, 216, 217, 218, 219, 220, 221, 223, 237, 241, 255, 256, 257, 258, 259, 275, 276, 279, 284, 298, 299, 300, 301, 303, 304, 306, 307, 334, 335, 336, 337, 338, 341, 342, 345, 346, 347, 350, 351, 352, 354], "excluded_lines": [], "start_line": 24}, "": {"executed_lines": [15, 16, 17, 19, 20, 21, 24, 33, 56, 105, 129, 145, 164, 182, 203, 225, 243, 261, 286, 312], "summary": {"covered_lines": 20, "num_statements": 20, "percent_covered": 100.0, "percent_covered_display": "100", "missing_lines": 0, "excluded_lines": 0, "percent_statements_covered": 100.0, "percent_statements_covered_display": "100"}, "missing_lines": [], "excluded_lines": [], "start_line": 1}}}, "src/extraction/analyzers/generic.py": {"executed_lines": [11, 12, 14, 17, 33, 49, 50, 52, 53, 54, 59, 60, 61, 62, 63, 64, 66, 68, 82, 84, 85, 87, 88, 89, 91, 92, 93, 95, 97, 110, 112, 113, 115, 116, 117, 118, 120, 121, 123, 125, 138, 140, 153, 155, 179, 181, 182, 183, 184, 185, 187], "summary": {"covered_lines": 51, "num_statements": 51, "percent_covered": 100.0, "percent_covered_display": "100", "missing_lines": 0, "excluded_lines": 0, "percent_statements_covered": 100.0, "percent_statements_covered_display": "100"}, "missing_lines": [], "excluded_lines": [], "functions": {"GenericAnalyzer.infer_document_type": {"executed_lines": [49, 50, 52, 53, 54, 59, 60, 61, 62, 63, 64, 66], "summary": {"covered_lines": 12, "num_statements": 12, "percent_covered": 100.0, "percent_covered_display": "100", "missing_lines": 0, "excluded_lines": 0, "percent_statements_covered": 100.0, "percent_statements_covered_display": "100"}, "missing_lines": [], "excluded_lines": [], "start_line": 33}, "GenericAnalyzer.extract_subjects": {"executed_lines": [82, 84, 85, 87, 88, 89, 91, 92, 93, 95], "summary": {"covered_lines": 10, "num_statements": 10, "percent_covered": 100.0, "percent_covered_display": "100", "missing_lines": 0, "excluded_lines": 0, "percent_statements_covered": 100.0, "percent_statements_covered_display": "100"}, "missing_lines": [], "excluded_lines": [], "start_line": 68}, "GenericAnalyzer.extract_themes": {"executed_lines": [110, 112, 113, 115, 116, 117, 118, 120, 121, 123], "summary": {"covered_lines": 10, "num_statements": 10, "percent_covered": 100.0, "percent_covered_display": "100", "missing_lines": 0, "excluded_lines": 0, "percent_statements_covered": 100.0, "percent_statements_covered_display": "100"}, "missing_lines": [], "excluded_lines": [], "start_line": 97}, "GenericAnalyzer.extract_related_documents": {"executed_lines": [138], "summary": {"covered_lines": 1, "num_statements": 1, "percent_covered": 100.0, "percent_covered_display": "100", "missing_lines": 0, "excluded_lines": 0, "percent_statements_covered": 100.0, "percent_statements_covered_display": "100"}, "missing_lines": [], "excluded_lines": [], "start_line": 125}, "GenericAnalyzer.infer_geographic_focus": {"executed_lines": [153], "summary": {"covered_lines": 1, "num_statements": 1, "percent_covered": 100.0, "percent_covered_display": "100", "missing_lines": 0, "excluded_lines": 0, "percent_statements_covered": 100.0, "percent_statements_covered_display": "100"}, "missing_lines": [], "excluded_lines": [], "start_line": 140}, "GenericAnalyzer.enrich_metadata": {"executed_lines": [179, 181, 182, 183, 184, 185, 187], "summary": {"covered_lines": 7, "num_statements": 7, "percent_covered": 100.0, "percent_covered_display": "100", "missing_lines": 0, "excluded_lines": 0, "percent_statements_covered": 100.0, "percent_statements_covered_display": "100"}, "missing_lines": [], "excluded_lines": [], "start_line": 155}, "": {"executed_lines": [11, 12, 14, 17, 33, 68, 97, 125, 140, 155], "summary": {"covered_lines": 10, "num_statements": 10, "percent_covered": 100.0, "percent_covered_display": "100", "missing_lines": 0, "excluded_lines": 0, "percent_statements_covered": 100.0, "percent_statements_covered_display": "100"}, "missing_lines": [], "excluded_lines": [], "start_line": 1}}, "classes": {"GenericAnalyzer": {"executed_lines": [49, 50, 52, 53, 54, 59, 60, 61, 62, 63, 64, 66, 82, 84, 85, 87, 88, 89, 91, 92, 93, 95, 110, 112, 113, 115, 116, 117, 118, 120, 121, 123, 138, 153, 179, 181, 182, 183, 184, 185, 187], "summary": {"covered_lines": 41, "num_statements": 41, "percent_covered": 100.0, "percent_covered_display": "100", "missing_lines": 0, "excluded_lines": 0, "percent_statements_covered": 100.0, "percent_statements_covered_display": "100"}, "missing_lines": [], "excluded_lines": [], "start_line": 17}, "": {"executed_lines": [11, 12, 14, 17, 33, 68, 97, 125, 140, 155], "summary": {"covered_lines": 10, "num_statements": 10, "percent_covered": 100.0, "percent_covered_display": "100", "missing_lines": 0, "excluded_lines": 0, "percent_statements_covered": 100.0, "percent_statements_covered_display": "100"}, "missing_lines": [], "excluded_lines": [], "start_line": 1}}}, "src/extraction/builders/__init__.py": {"executed_lines": [1, 3], "summary": {"covered_lines": 2, "num_statements": 2, "percent_covered": 100.0, "percent_covered_display": "100", "missing_lines": 0, "excluded_lines": 0, "percent_statements_covered": 100.0, "percent_statements_covered_display": "100"}, "missing_lines": [], "excluded_lines": [], "functions": {"": {"executed_lines": [1, 3], "summary": {"covered_lines": 2, "num_statements": 2, "percent_covered": 100.0, "percent_covered_display": "100", "missing_lines": 0, "excluded_lines": 0, "percent_statements_covered": 100.0, "percent_statements_covered_display": "100"}, "missing_lines": [], "excluded_lines": [], "start_line": 1}}, "classes": {"": {"executed_lines": [1, 3], "summary": {"covered_lines": 2, "num_statements": 2, "percent_covered": 100.0, "percent_covered_display": "100", "missing_lines": 0, "excluded_lines": 0, "percent_statements_covered": 100.0, "percent_statements_covered_display": "100"}, "missing_lines": [], "excluded_lines": [], "start_line": 1}}}, "src/extraction/builders/epub_builder.py": {"executed_lines": [1, 2, 3, 4, 6, 7, 9, 12, 13, 20, 22, 23, 25, 27, 28, 29, 31, 32, 34, 35, 36, 38, 40, 46, 47, 48, 50, 51, 53, 54, 55, 57, 58, 61, 62, 64, 70, 71, 73, 74, 76, 77, 78, 79, 80, 81, 86, 135, 140, 141, 142, 144, 149, 150, 151, 153, 154, 155, 157, 159, 160, 162, 164, 168, 169], "summary": {"covered_lines": 65, "num_statements": 69, "percent_covered": 94.20289855072464, "percent_covered_display": "94", "missing_lines": 4, "excluded_lines": 0, "percent_statements_covered": 94.20289855072464, "percent_statements_covered_display": "94"}, "missing_lines": [59, 82, 83, 84], "excluded_lines": [], "functions": {"EpubBuilder.__init__": {"executed_lines": [20, 22, 23, 25, 27, 28, 29, 31, 32], "summary": {"covered_lines": 9, "num_statements": 9, "percent_covered": 100.0, "percent_covered_display": "100", "missing_lines": 0, "excluded_lines": 0, "percent_statements_covered": 100.0, "percent_statements_covered_display": "100"}, "missing_lines": [], "excluded_lines": [], "start_line": 13}, "EpubBuilder.add_cover_image": {"executed_lines": [35, 36, 38], "summary": {"covered_lines": 3, "num_statements": 3, "percent_covered": 100.0, "percent_covered_display": "100", "missing_lines": 0, "excluded_lines": 0, "percent_statements_covered": 100.0, "percent_statements_covered_display": "100"}, "missing_lines": [], "excluded_lines": [], "start_line": 34}, "EpubBuilder.add_image": {"executed_lines": [46, 47, 48, 50, 51, 53, 54, 55, 57, 58, 61, 62, 64, 70, 71, 73, 74, 76, 77, 78, 79, 80, 81, 86, 135, 140, 141, 142], "summary": {"covered_lines": 28, "num_statements": 32, "percent_covered": 87.5, "percent_covered_display": "88", "missing_lines": 4, "excluded_lines": 0, "percent_statements_covered": 87.5, "percent_statements_covered_display": "88"}, "missing_lines": [59, 82, 83, 84], "excluded_lines": [], "start_line": 40}, "EpubBuilder.add_images": {"executed_lines": [149, 150, 151], "summary": {"covered_lines": 3, "num_statements": 3, "percent_covered": 100.0, "percent_covered_display": "100", "missing_lines": 0, "excluded_lines": 0, "percent_statements_covered": 100.0, "percent_statements_covered_display": "100"}, "missing_lines": [], "excluded_lines": [], "start_line": 144}, "EpubBuilder.save": {"executed_lines": [154, 155, 157, 159, 160, 162, 164, 168, 169], "summary": {"covered_lines": 9, "num_statements": 9, "percent_covered": 100.0, "percent_covered_display": "100", "missing_lines": 0, "excluded_lines": 0, "percent_statements_covered": 100.0, "percent_statements_covered_display": "100"}, "missing_lines": [], "excluded_lines": [], "start_line": 153}, "": {"executed_lines": [1, 2, 3, 4, 6, 7, 9, 12, 13, 34, 40, 144, 153], "summary": {"covered_lines": 13, "num_statements": 13, "percent_covered": 100.0, "percent_covered_display": "100", "missing_lines": 0, "excluded_lines": 0, "percent_statements_covered": 100.0, "percent_statements_covered_display": "100"}, "missing_lines": [], "excluded_lines": [], "start_line": 1}}, "classes": {"EpubBuilder": {"executed_lines": [20, 22, 23, 25, 27, 28, 29, 31, 32, 35, 36, 38, 46, 47, 48, 50, 51, 53, 54, 55, 57, 58, 61, 62, 64, 70, 71, 73, 74, 76, 77, 78, 79, 80, 81, 86, 135, 140, 141, 142, 149, 150, 151, 154, 155, 157, 159, 160, 162, 164, 168, 169], "summary": {"covered_lines": 52, "num_statements": 56, "percent_covered": 92.85714285714286, "percent_covered_display": "93", "missing_lines": 4, "excluded_lines": 0, "percent_statements_covered": 92.85714285714286, "percent_statements_covered_display": "93"}, "missing_lines": [59, 82, 83, 84], "excluded_lines": [], "start_line": 12}, "": {"executed_lines": [1, 2, 3, 4, 6, 7, 9, 12, 13, 34, 40, 144, 153], "summary": {"covered_lines": 13, "num_statements": 13, "percent_covered": 100.0, "percent_covered_display": "100", "missing_lines": 0, "excluded_lines": 0, "percent_statements_covered": 100.0, "percent_statements_covered_display": "100"}, "missing_lines": [], "excluded_lines": [], "start_line": 1}}}, "src/extraction/cli/__init__.py": {"executed_lines": [], "summary": {"covered_lines": 0, "num_statements": 0, "percent_covered": 100.0, "percent_covered_display": "100", "missing_lines": 0, "excluded_lines": 0, "percent_statements_covered": 100.0, "percent_statements_covered_display": "100"}, "missing_lines": [], "excluded_lines": [], "functions": {"": {"executed_lines": [], "summary": {"covered_lines": 0, "num_statements": 0, "percent_covered": 100.0, "percent_covered_display": "100", "missing_lines": 0, "excluded_lines": 0, "percent_statements_covered": 100.0, "percent_statements_covered_display": "100"}, "missing_lines": [], "excluded_lines": [], "start_line": 1}}, "classes": {"": {"executed_lines": [], "summary": {"covered_lines": 0, "num_statements": 0, "percent_covered": 100.0, "percent_covered_display": "100", "missing_lines": 0, "excluded_lines": 0, "percent_statements_covered": 100.0, "percent_statements_covered_display": "100"}, "missing_lines": [], "excluded_lines": [], "start_line": 1}}}, "src/extraction/cli/extract.py": {"executed_lines": [], "summary": {"covered_lines": 0, "num_statements": 138, "percent_covered": 0.0, "percent_covered_display": "0", "missing_lines": 138, "excluded_lines": 2, "percent_statements_covered": 0.0, "percent_statements_covered_display": "0"}, "missing_lines": [14, 15, 16, 17, 18, 19, 21, 22, 23, 24, 25, 26, 33, 34, 39, 42, 44, 45, 46, 47, 48, 49, 59, 69, 70, 80, 86, 97, 98, 111, 112, 121, 122, 130, 131, 140, 141, 150, 156, 181, 184, 185, 186, 187, 188, 189, 192, 193, 194, 195, 198, 199, 200, 201, 202, 203, 204, 205, 206, 207, 208, 209, 211, 212, 215, 216, 217, 218, 221, 230, 231, 232, 233, 237, 243, 245, 246, 247, 253, 278, 279, 281, 282, 283, 285, 286, 287, 289, 292, 293, 294, 303, 305, 311, 313, 323, 331, 337, 341, 348, 356, 364, 370, 376, 382, 387, 393, 398, 404, 411, 417, 423, 431, 437, 443, 449, 450, 453, 457, 458, 459, 460, 461, 462, 465, 481, 482, 483, 484, 486, 495, 498, 508, 509, 510, 511, 512, 514], "excluded_lines": [517, 518], "functions": {"setup_logging": {"executed_lines": [], "summary": {"covered_lines": 0, "num_statements": 6, "percent_covered": 0.0, "percent_covered_display": "0", "missing_lines": 6, "excluded_lines": 0, "percent_statements_covered": 0.0, "percent_statements_covered_display": "0"}, "missing_lines": [44, 45, 46, 47, 48, 49], "excluded_lines": [], "start_line": 42}, "detect_format": {"executed_lines": [], "summary": {"covered_lines": 0, "num_statements": 3, "percent_covered": 0.0, "percent_covered_display": "0", "missing_lines": 3, "excluded_lines": 0, "percent_statements_covered": 0.0, "percent_statements_covered_display": "0"}, "missing_lines": [69, 70, 80], "excluded_lines": [], "start_line": 59}, "build_config_for_format": {"executed_lines": [], "summary": {"covered_lines": 0, "num_statements": 11, "percent_covered": 0.0, "percent_covered_display": "0", "missing_lines": 11, "excluded_lines": 0, "percent_statements_covered": 0.0, "percent_statements_covered_display": "0"}, "missing_lines": [97, 98, 111, 112, 121, 122, 130, 131, 140, 141, 150], "excluded_lines": [], "start_line": 86}, "process_document": {"executed_lines": [], "summary": {"covered_lines": 0, "num_statements": 39, "percent_covered": 0.0, "percent_covered_display": "0", "missing_lines": 39, "excluded_lines": 0, "percent_statements_covered": 0.0, "percent_statements_covered_display": "0"}, "missing_lines": [181, 184, 185, 186, 187, 188, 189, 192, 193, 194, 195, 198, 199, 200, 201, 202, 203, 204, 205, 206, 207, 208, 209, 211, 212, 215, 216, 217, 218, 221, 230, 231, 232, 233, 237, 243, 245, 246, 247], "excluded_lines": [], "start_line": 156}, "process_batch": {"executed_lines": [], "summary": {"covered_lines": 0, "num_statements": 14, "percent_covered": 0.0, "percent_covered_display": "0", "missing_lines": 14, "excluded_lines": 0, "percent_statements_covered": 0.0, "percent_statements_covered_display": "0"}, "missing_lines": [278, 279, 281, 282, 283, 285, 286, 287, 289, 292, 293, 294, 303, 305], "excluded_lines": [], "start_line": 253}, "main": {"executed_lines": [], "summary": {"covered_lines": 0, "num_statements": 44, "percent_covered": 0.0, "percent_covered_display": "0", "missing_lines": 44, "excluded_lines": 0, "percent_statements_covered": 0.0, "percent_statements_covered_display": "0"}, "missing_lines": [313, 323, 331, 337, 341, 348, 356, 364, 370, 376, 382, 387, 393, 398, 404, 411, 417, 423, 431, 437, 443, 449, 450, 453, 457, 458, 459, 460, 461, 462, 465, 481, 482, 483, 484, 486, 495, 498, 508, 509, 510, 511, 512, 514], "excluded_lines": [], "start_line": 311}, "": {"executed_lines": [], "summary": {"covered_lines": 0, "num_statements": 21, "percent_covered": 0.0, "percent_covered_display": "0", "missing_lines": 21, "excluded_lines": 2, "percent_statements_covered": 0.0, "percent_statements_covered_display": "0"}, "missing_lines": [14, 15, 16, 17, 18, 19, 21, 22, 23, 24, 25, 26, 33, 34, 39, 42, 59, 86, 156, 253, 311], "excluded_lines": [517, 518], "start_line": 1}}, "classes": {"": {"executed_lines": [], "summary": {"covered_lines": 0, "num_statements": 138, "percent_covered": 0.0, "percent_covered_display": "0", "missing_lines": 138, "excluded_lines": 2, "percent_statements_covered": 0.0, "percent_statements_covered_display": "0"}, "missing_lines": [14, 15, 16, 17, 18, 19, 21, 22, 23, 24, 25, 26, 33, 34, 39, 42, 44, 45, 46, 47, 48, 49, 59, 69, 70, 80, 86, 97, 98, 111, 112, 121, 122, 130, 131, 140, 141, 150, 156, 181, 184, 185, 186, 187, 188, 189, 192, 193, 194, 195, 198, 199, 200, 201, 202, 203, 204, 205, 206, 207, 208, 209, 211, 212, 215, 216, 217, 218, 221, 230, 231, 232, 233, 237, 243, 245, 246, 247, 253, 278, 279, 281, 282, 283, 285, 286, 287, 289, 292, 293, 294, 303, 305, 311, 313, 323, 331, 337, 341, 348, 356, 364, 370, 376, 382, 387, 393, 398, 404, 411, 417, 423, 431, 437, 443, 449, 450, 453, 457, 458, 459, 460, 461, 462, 465, 481, 482, 483, 484, 486, 495, 498, 508, 509, 510, 511, 512, 514], "excluded_lines": [517, 518], "start_line": 1}}}, "src/extraction/cli/scrape_images.py": {"executed_lines": [], "summary": {"covered_lines": 0, "num_statements": 81, "percent_covered": 0.0, "percent_covered_display": "0", "missing_lines": 81, "excluded_lines": 2, "percent_statements_covered": 0.0, "percent_statements_covered_display": "0"}, "missing_lines": [1, 2, 3, 5, 6, 7, 8, 11, 12, 16, 21, 28, 34, 41, 47, 53, 60, 66, 72, 78, 84, 91, 98, 104, 110, 115, 121, 127, 133, 135, 136, 137, 139, 150, 151, 152, 154, 155, 156, 157, 158, 159, 161, 163, 164, 165, 167, 169, 170, 171, 177, 178, 179, 180, 181, 182, 183, 184, 185, 186, 187, 189, 190, 192, 194, 195, 197, 198, 200, 202, 204, 205, 206, 207, 208, 210, 211, 212, 213, 214, 216], "excluded_lines": [219, 220], "functions": {"main": {"executed_lines": [], "summary": {"covered_lines": 0, "num_statements": 73, "percent_covered": 0.0, "percent_covered_display": "0", "missing_lines": 73, "excluded_lines": 0, "percent_statements_covered": 0.0, "percent_statements_covered_display": "0"}, "missing_lines": [12, 16, 21, 28, 34, 41, 47, 53, 60, 66, 72, 78, 84, 91, 98, 104, 110, 115, 121, 127, 133, 135, 136, 137, 139, 150, 151, 152, 154, 155, 156, 157, 158, 159, 161, 163, 164, 165, 167, 169, 170, 171, 177, 178, 179, 180, 181, 182, 183, 184, 185, 186, 187, 189, 190, 192, 194, 195, 197, 198, 200, 202, 204, 205, 206, 207, 208, 210, 211, 212, 213, 214, 216], "excluded_lines": [], "start_line": 11}, "": {"executed_lines": [], "summary": {"covered_lines": 0, "num_statements": 8, "percent_covered": 0.0, "percent_covered_display": "0", "missing_lines": 8, "excluded_lines": 2, "percent_statements_covered": 0.0, "percent_statements_covered_display": "0"}, "missing_lines": [1, 2, 3, 5, 6, 7, 8, 11], "excluded_lines": [219, 220], "start_line": 1}}, "classes": {"": {"executed_lines": [], "summary": {"covered_lines": 0, "num_statements": 81, "percent_covered": 0.0, "percent_covered_display": "0", "missing_lines": 81, "excluded_lines": 2, "percent_statements_covered": 0.0, "percent_statements_covered_display": "0"}, "missing_lines": [1, 2, 3, 5, 6, 7, 8, 11, 12, 16, 21, 28, 34, 41, 47, 53, 60, 66, 72, 78, 84, 91, 98, 104, 110, 115, 121, 127, 133, 135, 136, 137, 139, 150, 151, 152, 154, 155, 156, 157, 158, 159, 161, 163, 164, 165, 167, 169, 170, 171, 177, 178, 179, 180, 181, 182, 183, 184, 185, 186, 187, 189, 190, 192, 194, 195, 197, 198, 200, 202, 204, 205, 206, 207, 208, 210, 211, 212, 213, 214, 216], "excluded_lines": [219, 220], "start_line": 1}}}, "src/extraction/cli/vatican_extract.py": {"executed_lines": [], "summary": {"covered_lines": 0, "num_statements": 102, "percent_covered": 0.0, "percent_covered_display": "0", "missing_lines": 102, "excluded_lines": 2, "percent_statements_covered": 0.0, "percent_statements_covered_display": "0"}, "missing_lines": [32, 33, 34, 35, 36, 38, 41, 44, 52, 53, 54, 55, 56, 58, 65, 87, 88, 89, 90, 92, 93, 94, 102, 103, 104, 105, 107, 108, 109, 118, 133, 141, 142, 143, 146, 147, 150, 151, 154, 155, 158, 159, 162, 163, 164, 165, 166, 167, 169, 170, 171, 172, 173, 176, 178, 185, 192, 197, 202, 207, 214, 219, 224, 231, 237, 244, 252, 259, 265, 272, 275, 278, 279, 280, 281, 282, 283, 284, 285, 286, 289, 290, 295, 296, 297, 300, 301, 302, 304, 305, 306, 308, 317, 318, 319, 322, 325, 326, 327, 328, 329, 332], "excluded_lines": [335, 336], "functions": {"setup_logging": {"executed_lines": [], "summary": {"covered_lines": 0, "num_statements": 6, "percent_covered": 0.0, "percent_covered_display": "0", "missing_lines": 6, "excluded_lines": 0, "percent_statements_covered": 0.0, "percent_statements_covered_display": "0"}, "missing_lines": [52, 53, 54, 55, 56, 58], "excluded_lines": [], "start_line": 44}, "get_storage_config_from_env": {"executed_lines": [], "summary": {"covered_lines": 0, "num_statements": 15, "percent_covered": 0.0, "percent_covered_display": "0", "missing_lines": 15, "excluded_lines": 0, "percent_statements_covered": 0.0, "percent_statements_covered_display": "0"}, "missing_lines": [87, 88, 89, 90, 92, 93, 94, 102, 103, 104, 105, 107, 108, 109, 118], "excluded_lines": [], "start_line": 65}, "print_summary": {"executed_lines": [], "summary": {"covered_lines": 0, "num_statements": 22, "percent_covered": 0.0, "percent_covered_display": "0", "missing_lines": 22, "excluded_lines": 0, "percent_statements_covered": 0.0, "percent_statements_covered_display": "0"}, "missing_lines": [141, 142, 143, 146, 147, 150, 151, 154, 155, 158, 159, 162, 163, 164, 165, 166, 167, 169, 170, 171, 172, 173], "excluded_lines": [], "start_line": 133}, "main": {"executed_lines": [], "summary": {"covered_lines": 0, "num_statements": 48, "percent_covered": 0.0, "percent_covered_display": "0", "missing_lines": 48, "excluded_lines": 0, "percent_statements_covered": 0.0, "percent_statements_covered_display": "0"}, "missing_lines": [178, 185, 192, 197, 202, 207, 214, 219, 224, 231, 237, 244, 252, 259, 265, 272, 275, 278, 279, 280, 281, 282, 283, 284, 285, 286, 289, 290, 295, 296, 297, 300, 301, 302, 304, 305, 306, 308, 317, 318, 319, 322, 325, 326, 327, 328, 329, 332], "excluded_lines": [], "start_line": 176}, "": {"executed_lines": [], "summary": {"covered_lines": 0, "num_statements": 11, "percent_covered": 0.0, "percent_covered_display": "0", "missing_lines": 11, "excluded_lines": 2, "percent_statements_covered": 0.0, "percent_statements_covered_display": "0"}, "missing_lines": [32, 33, 34, 35, 36, 38, 41, 44, 65, 133, 176], "excluded_lines": [335, 336], "start_line": 1}}, "classes": {"": {"executed_lines": [], "summary": {"covered_lines": 0, "num_statements": 102, "percent_covered": 0.0, "percent_covered_display": "0", "missing_lines": 102, "excluded_lines": 2, "percent_statements_covered": 0.0, "percent_statements_covered_display": "0"}, "missing_lines": [32, 33, 34, 35, 36, 38, 41, 44, 52, 53, 54, 55, 56, 58, 65, 87, 88, 89, 90, 92, 93, 94, 102, 103, 104, 105, 107, 108, 109, 118, 133, 141, 142, 143, 146, 147, 150, 151, 154, 155, 158, 159, 162, 163, 164, 165, 166, 167, 169, 170, 171, 172, 173, 176, 178, 185, 192, 197, 202, 207, 214, 219, 224, 231, 237, 244, 252, 259, 265, 272, 275, 278, 279, 280, 281, 282, 283, 284, 285, 286, 289, 290, 295, 296, 297, 300, 301, 302, 304, 305, 306, 308, 317, 318, 319, 322, 325, 326, 327, 328, 329, 332], "excluded_lines": [335, 336], "start_line": 1}}}, "src/extraction/core/__init__.py": {"executed_lines": [4, 7, 16, 23, 30, 39, 42, 44], "summary": {"covered_lines": 8, "num_statements": 8, "percent_covered": 100.0, "percent_covered_display": "100", "missing_lines": 0, "excluded_lines": 0, "percent_statements_covered": 100.0, "percent_statements_covered_display": "100"}, "missing_lines": [], "excluded_lines": [], "functions": {"": {"executed_lines": [4, 7, 16, 23, 30, 39, 42, 44], "summary": {"covered_lines": 8, "num_statements": 8, "percent_covered": 100.0, "percent_covered_display": "100", "missing_lines": 0, "excluded_lines": 0, "percent_statements_covered": 100.0, "percent_statements_covered_display": "100"}, "missing_lines": [], "excluded_lines": [], "start_line": 1}}, "classes": {"": {"executed_lines": [4, 7, 16, 23, 30, 39, 42, 44], "summary": {"covered_lines": 8, "num_statements": 8, "percent_covered": 100.0, "percent_covered_display": "100", "missing_lines": 0, "excluded_lines": 0, "percent_statements_covered": 100.0, "percent_statements_covered_display": "100"}, "missing_lines": [], "excluded_lines": [], "start_line": 1}}}, "src/extraction/core/chunking.py": {"executed_lines": [11, 12, 15, 21, 22, 25, 32, 33, 36, 42, 43, 44, 48, 54, 55, 56, 62, 64], "summary": {"covered_lines": 18, "num_statements": 22, "percent_covered": 81.81818181818181, "percent_covered_display": "82", "missing_lines": 4, "excluded_lines": 0, "percent_statements_covered": 81.81818181818181, "percent_statements_covered_display": "82"}, "missing_lines": [45, 57, 58, 59], "excluded_lines": [], "functions": {"split_sentences": {"executed_lines": [21, 22], "summary": {"covered_lines": 2, "num_statements": 2, "percent_covered": 100.0, "percent_covered_display": "100", "missing_lines": 0, "excluded_lines": 0, "percent_statements_covered": 100.0, "percent_statements_covered_display": "100"}, "missing_lines": [], "excluded_lines": [], "start_line": 15}, "heading_path": {"executed_lines": [32, 33], "summary": {"covered_lines": 2, "num_statements": 2, "percent_covered": 100.0, "percent_covered_display": "100", "missing_lines": 0, "excluded_lines": 0, "percent_statements_covered": 100.0, "percent_statements_covered_display": "100"}, "missing_lines": [], "excluded_lines": [], "start_line": 25}, "hierarchy_depth": {"executed_lines": [42, 43, 44], "summary": {"covered_lines": 3, "num_statements": 4, "percent_covered": 75.0, "percent_covered_display": "75", "missing_lines": 1, "excluded_lines": 0, "percent_statements_covered": 75.0, "percent_statements_covered_display": "75"}, "missing_lines": [45], "excluded_lines": [], "start_line": 36}, "heading_level": {"executed_lines": [54, 55, 56], "summary": {"covered_lines": 3, "num_statements": 6, "percent_covered": 50.0, "percent_covered_display": "50", "missing_lines": 3, "excluded_lines": 0, "percent_statements_covered": 50.0, "percent_statements_covered_display": "50"}, "missing_lines": [57, 58, 59], "excluded_lines": [], "start_line": 48}, "is_heading_tag": {"executed_lines": [64], "summary": {"covered_lines": 1, "num_statements": 1, "percent_covered": 100.0, "percent_covered_display": "100", "missing_lines": 0, "excluded_lines": 0, "percent_statements_covered": 100.0, "percent_statements_covered_display": "100"}, "missing_lines": [], "excluded_lines": [], "start_line": 62}, "": {"executed_lines": [11, 12, 15, 25, 36, 48, 62], "summary": {"covered_lines": 7, "num_statements": 7, "percent_covered": 100.0, "percent_covered_display": "100", "missing_lines": 0, "excluded_lines": 0, "percent_statements_covered": 100.0, "percent_statements_covered_display": "100"}, "missing_lines": [], "excluded_lines": [], "start_line": 1}}, "classes": {"": {"executed_lines": [11, 12, 15, 21, 22, 25, 32, 33, 36, 42, 43, 44, 48, 54, 55, 56, 62, 64], "summary": {"covered_lines": 18, "num_statements": 22, "percent_covered": 81.81818181818181, "percent_covered_display": "82", "missing_lines": 4, "excluded_lines": 0, "percent_statements_covered": 81.81818181818181, "percent_statements_covered_display": "82"}, "missing_lines": [45, 57, 58, 59], "excluded_lines": [], "start_line": 1}}}, "src/extraction/core/extraction.py": {"executed_lines": [11, 12, 14, 17, 29, 35, 36, 37, 38, 41, 53, 58, 59, 60, 61, 64, 79, 80, 92, 93, 94, 95, 96, 97, 98], "summary": {"covered_lines": 25, "num_statements": 25, "percent_covered": 100.0, "percent_covered_display": "100", "missing_lines": 0, "excluded_lines": 0, "percent_statements_covered": 100.0, "percent_statements_covered_display": "100"}, "missing_lines": [], "excluded_lines": [], "functions": {"extract_dates": {"executed_lines": [29, 35, 36, 37, 38], "summary": {"covered_lines": 5, "num_statements": 5, "percent_covered": 100.0, "percent_covered_display": "100", "missing_lines": 0, "excluded_lines": 0, "percent_statements_covered": 100.0, "percent_statements_covered_display": "100"}, "missing_lines": [], "excluded_lines": [], "start_line": 17}, "extract_scripture_references": {"executed_lines": [53, 58, 59, 60, 61], "summary": {"covered_lines": 5, "num_statements": 5, "percent_covered": 100.0, "percent_covered_display": "100", "missing_lines": 0, "excluded_lines": 0, "percent_statements_covered": 100.0, "percent_statements_covered_display": "100"}, "missing_lines": [], "excluded_lines": [], "start_line": 41}, "extract_cross_references": {"executed_lines": [79, 80, 92, 93, 94, 95, 96, 97, 98], "summary": {"covered_lines": 9, "num_statements": 9, "percent_covered": 100.0, "percent_covered_display": "100", "missing_lines": 0, "excluded_lines": 0, "percent_statements_covered": 100.0, "percent_statements_covered_display": "100"}, "missing_lines": [], "excluded_lines": [], "start_line": 64}, "": {"executed_lines": [11, 12, 14, 17, 41, 64], "summary": {"covered_lines": 6, "num_statements": 6, "percent_covered": 100.0, "percent_covered_display": "100", "missing_lines": 0, "excluded_lines": 0, "percent_statements_covered": 100.0, "percent_statements_covered_display": "100"}, "missing_lines": [], "excluded_lines": [], "start_line": 1}}, "classes": {"": {"executed_lines": [11, 12, 14, 17, 29, 35, 36, 37, 38, 41, 53, 58, 59, 60, 61, 64, 79, 80, 92, 93, 94, 95, 96, 97, 98], "summary": {"covered_lines": 25, "num_statements": 25, "percent_covered": 100.0, "percent_covered_display": "100", "missing_lines": 0, "excluded_lines": 0, "percent_statements_covered": 100.0, "percent_statements_covered_display": "100"}, "missing_lines": [], "excluded_lines": [], "start_line": 1}}}, "src/extraction/core/identifiers.py": {"executed_lines": [11, 14, 16, 19, 21], "summary": {"covered_lines": 5, "num_statements": 5, "percent_covered": 100.0, "percent_covered_display": "100", "missing_lines": 0, "excluded_lines": 0, "percent_statements_covered": 100.0, "percent_statements_covered_display": "100"}, "missing_lines": [], "excluded_lines": [], "functions": {"sha1": {"executed_lines": [16], "summary": {"covered_lines": 1, "num_statements": 1, "percent_covered": 100.0, "percent_covered_display": "100", "missing_lines": 0, "excluded_lines": 0, "percent_statements_covered": 100.0, "percent_statements_covered_display": "100"}, "missing_lines": [], "excluded_lines": [], "start_line": 14}, "stable_id": {"executed_lines": [21], "summary": {"covered_lines": 1, "num_statements": 1, "percent_covered": 100.0, "percent_covered_display": "100", "missing_lines": 0, "excluded_lines": 0, "percent_statements_covered": 100.0, "percent_statements_covered_display": "100"}, "missing_lines": [], "excluded_lines": [], "start_line": 19}, "": {"executed_lines": [11, 14, 19], "summary": {"covered_lines": 3, "num_statements": 3, "percent_covered": 100.0, "percent_covered_display": "100", "missing_lines": 0, "excluded_lines": 0, "percent_statements_covered": 100.0, "percent_statements_covered_display": "100"}, "missing_lines": [], "excluded_lines": [], "start_line": 1}}, "classes": {"": {"executed_lines": [11, 14, 16, 19, 21], "summary": {"covered_lines": 5, "num_statements": 5, "percent_covered": 100.0, "percent_covered_display": "100", "missing_lines": 0, "excluded_lines": 0, "percent_statements_covered": 100.0, "percent_statements_covered_display": "100"}, "missing_lines": [], "excluded_lines": [], "start_line": 1}}}, "src/extraction/core/models.py": {"executed_lines": [11, 12, 15, 16, 18, 19, 20, 21, 22, 23, 25, 30, 31, 51, 52, 53, 54, 56, 57, 59, 65, 66, 69, 70, 78, 80, 82, 83, 86, 87, 93, 95, 98, 99, 101, 102, 103, 104, 105, 106, 107, 108, 109, 110, 111, 112, 113, 114, 115, 116, 117, 118, 119, 120, 121, 123, 129, 131, 132, 138, 139, 145, 147], "summary": {"covered_lines": 63, "num_statements": 64, "percent_covered": 98.4375, "percent_covered_display": "98", "missing_lines": 1, "excluded_lines": 0, "percent_statements_covered": 98.4375, "percent_statements_covered_display": "98"}, "missing_lines": [27], "excluded_lines": [], "functions": {"Hierarchy.to_dict": {"executed_lines": [], "summary": {"covered_lines": 0, "num_statements": 1, "percent_covered": 0.0, "percent_covered_display": "0", "missing_lines": 1, "excluded_lines": 0, "percent_statements_covered": 0.0, "percent_statements_covered_display": "0"}, "missing_lines": [27], "excluded_lines": [], "start_line": 25}, "Chunk.to_dict": {"executed_lines": [65, 66], "summary": {"covered_lines": 2, "num_statements": 2, "percent_covered": 100.0, "percent_covered_display": "100", "missing_lines": 0, "excluded_lines": 0, "percent_statements_covered": 100.0, "percent_statements_covered_display": "100"}, "missing_lines": [], "excluded_lines": [], "start_line": 59}, "Provenance.to_dict": {"executed_lines": [82, 83], "summary": {"covered_lines": 2, "num_statements": 2, "percent_covered": 100.0, "percent_covered_display": "100", "missing_lines": 0, "excluded_lines": 0, "percent_statements_covered": 100.0, "percent_statements_covered_display": "100"}, "missing_lines": [], "excluded_lines": [], "start_line": 80}, "Quality.to_dict": {"executed_lines": [95], "summary": {"covered_lines": 1, "num_statements": 1, "percent_covered": 100.0, "percent_covered_display": "100", "missing_lines": 0, "excluded_lines": 0, "percent_statements_covered": 100.0, "percent_statements_covered_display": "100"}, "missing_lines": [], "excluded_lines": [], "start_line": 93}, "Metadata.to_dict": {"executed_lines": [129, 131, 132], "summary": {"covered_lines": 3, "num_statements": 3, "percent_covered": 100.0, "percent_covered_display": "100", "missing_lines": 0, "excluded_lines": 0, "percent_statements_covered": 100.0, "percent_statements_covered_display": "100"}, "missing_lines": [], "excluded_lines": [], "start_line": 123}, "Document.to_dict": {"executed_lines": [147], "summary": {"covered_lines": 1, "num_statements": 1, "percent_covered": 100.0, "percent_covered_display": "100", "missing_lines": 0, "excluded_lines": 0, "percent_statements_covered": 100.0, "percent_statements_covered_display": "100"}, "missing_lines": [], "excluded_lines": [], "start_line": 145}, "": {"executed_lines": [11, 12, 15, 16, 18, 19, 20, 21, 22, 23, 25, 30, 31, 51, 52, 53, 54, 56, 57, 59, 69, 70, 78, 80, 86, 87, 93, 98, 99, 101, 102, 103, 104, 105, 106, 107, 108, 109, 110, 111, 112, 113, 114, 115, 116, 117, 118, 119, 120, 121, 123, 138, 139, 145], "summary": {"covered_lines": 54, "num_statements": 54, "percent_covered": 100.0, "percent_covered_display": "100", "missing_lines": 0, "excluded_lines": 0, "percent_statements_covered": 100.0, "percent_statements_covered_display": "100"}, "missing_lines": [], "excluded_lines": [], "start_line": 1}}, "classes": {"Hierarchy": {"executed_lines": [], "summary": {"covered_lines": 0, "num_statements": 1, "percent_covered": 0.0, "percent_covered_display": "0", "missing_lines": 1, "excluded_lines": 0, "percent_statements_covered": 0.0, "percent_statements_covered_display": "0"}, "missing_lines": [27], "excluded_lines": [], "start_line": 16}, "Chunk": {"executed_lines": [65, 66], "summary": {"covered_lines": 2, "num_statements": 2, "percent_covered": 100.0, "percent_covered_display": "100", "missing_lines": 0, "excluded_lines": 0, "percent_statements_covered": 100.0, "percent_statements_covered_display": "100"}, "missing_lines": [], "excluded_lines": [], "start_line": 31}, "Provenance": {"executed_lines": [82, 83], "summary": {"covered_lines": 2, "num_statements": 2, "percent_covered": 100.0, "percent_covered_display": "100", "missing_lines": 0, "excluded_lines": 0, "percent_statements_covered": 100.0, "percent_statements_covered_display": "100"}, "missing_lines": [], "excluded_lines": [], "start_line": 70}, "Quality": {"executed_lines": [95], "summary": {"covered_lines": 1, "num_statements": 1, "percent_covered": 100.0, "percent_covered_display": "100", "missing_lines": 0, "excluded_lines": 0, "percent_statements_covered": 100.0, "percent_statements_covered_display": "100"}, "missing_lines": [], "excluded_lines": [], "start_line": 87}, "Metadata": {"executed_lines": [129, 131, 132], "summary": {"covered_lines": 3, "num_statements": 3, "percent_covered": 100.0, "percent_covered_display": "100", "missing_lines": 0, "excluded_lines": 0, "percent_statements_covered": 100.0, "percent_statements_covered_display": "100"}, "missing_lines": [], "excluded_lines": [], "start_line": 99}, "Document": {"executed_lines": [147], "summary": {"covered_lines": 1, "num_statements": 1, "percent_covered": 100.0, "percent_covered_display": "100", "missing_lines": 0, "excluded_lines": 0, "percent_statements_covered": 100.0, "percent_statements_covered_display": "100"}, "missing_lines": [], "excluded_lines": [], "start_line": 139}, "": {"executed_lines": [11, 12, 15, 16, 18, 19, 20, 21, 22, 23, 25, 30, 31, 51, 52, 53, 54, 56, 57, 59, 69, 70, 78, 80, 86, 87, 93, 98, 99, 101, 102, 103, 104, 105, 106, 107, 108, 109, 110, 111, 112, 113, 114, 115, 116, 117, 118, 119, 120, 121, 123, 138, 139, 145], "summary": {"covered_lines": 54, "num_statements": 54, "percent_covered": 100.0, "percent_covered_display": "100", "missing_lines": 0, "excluded_lines": 0, "percent_statements_covered": 100.0, "percent_statements_covered_display": "100"}, "missing_lines": [], "excluded_lines": [], "start_line": 1}}}, "src/extraction/core/noise_filter.py": {"executed_lines": [11, 12, 15, 23, 24, 37, 38, 39, 41, 42, 46, 47, 49, 50, 54, 55, 57, 58, 62, 63, 64, 71, 73, 74, 83, 84, 85, 88, 89, 90, 91, 94, 99, 100, 101, 103, 105, 106, 115, 118, 119, 120, 121, 124, 125, 127, 129, 130, 136, 139, 142, 143, 145, 147, 148, 159, 160, 162, 163, 164, 168, 170, 172, 175], "summary": {"covered_lines": 64, "num_statements": 96, "percent_covered": 66.66666666666667, "percent_covered_display": "67", "missing_lines": 32, "excluded_lines": 0, "percent_statements_covered": 66.66666666666667, "percent_statements_covered_display": "67"}, "missing_lines": [43, 59, 65, 68, 69, 137, 140, 165, 166, 167, 186, 188, 189, 190, 192, 193, 194, 195, 197, 198, 200, 201, 202, 203, 204, 205, 206, 207, 208, 209, 211, 219], "excluded_lines": [], "functions": {"NoiseFilter.is_index_page": {"executed_lines": [37, 38, 39, 41, 42, 46, 47, 49, 50, 54, 55, 57, 58, 62, 63, 64, 71], "summary": {"covered_lines": 17, "num_statements": 22, "percent_covered": 77.27272727272727, "percent_covered_display": "77", "missing_lines": 5, "excluded_lines": 0, "percent_statements_covered": 77.27272727272727, "percent_statements_covered_display": "77"}, "missing_lines": [43, 59, 65, 68, 69], "excluded_lines": [], "start_line": 24}, "NoiseFilter.is_navigation_fragment": {"executed_lines": [83, 84, 85, 88, 89, 90, 91, 94, 99, 100, 101, 103], "summary": {"covered_lines": 12, "num_statements": 12, "percent_covered": 100.0, "percent_covered_display": "100", "missing_lines": 0, "excluded_lines": 0, "percent_statements_covered": 100.0, "percent_statements_covered_display": "100"}, "missing_lines": [], "excluded_lines": [], "start_line": 74}, "NoiseFilter.is_copyright_boilerplate": {"executed_lines": [115, 118, 119, 120, 121, 124, 125, 127], "summary": {"covered_lines": 8, "num_statements": 8, "percent_covered": 100.0, "percent_covered_display": "100", "missing_lines": 0, "excluded_lines": 0, "percent_statements_covered": 100.0, "percent_statements_covered_display": "100"}, "missing_lines": [], "excluded_lines": [], "start_line": 106}, "NoiseFilter.has_low_semantic_value": {"executed_lines": [136, 139, 142, 143, 145], "summary": {"covered_lines": 5, "num_statements": 7, "percent_covered": 71.42857142857143, "percent_covered_display": "71", "missing_lines": 2, "excluded_lines": 0, "percent_statements_covered": 71.42857142857143, "percent_statements_covered_display": "71"}, "missing_lines": [137, 140], "excluded_lines": [], "start_line": 130}, "NoiseFilter.filter_chunks": {"executed_lines": [159, 160, 162, 163, 164, 168, 170, 172], "summary": {"covered_lines": 8, "num_statements": 11, "percent_covered": 72.72727272727273, "percent_covered_display": "73", "missing_lines": 3, "excluded_lines": 0, "percent_statements_covered": 72.72727272727273, "percent_statements_covered_display": "73"}, "missing_lines": [165, 166, 167], "excluded_lines": [], "start_line": 148}, "scan_corpus_for_noise": {"executed_lines": [], "summary": {"covered_lines": 0, "num_statements": 22, "percent_covered": 0.0, "percent_covered_display": "0", "missing_lines": 22, "excluded_lines": 0, "percent_statements_covered": 0.0, "percent_statements_covered_display": "0"}, "missing_lines": [186, 188, 189, 190, 192, 193, 194, 195, 197, 198, 200, 201, 202, 203, 204, 205, 206, 207, 208, 209, 211, 219], "excluded_lines": [], "start_line": 175}, "": {"executed_lines": [11, 12, 15, 23, 24, 73, 74, 105, 106, 129, 130, 147, 148, 175], "summary": {"covered_lines": 14, "num_statements": 14, "percent_covered": 100.0, "percent_covered_display": "100", "missing_lines": 0, "excluded_lines": 0, "percent_statements_covered": 100.0, "percent_statements_covered_display": "100"}, "missing_lines": [], "excluded_lines": [], "start_line": 1}}, "classes": {"NoiseFilter": {"executed_lines": [37, 38, 39, 41, 42, 46, 47, 49, 50, 54, 55, 57, 58, 62, 63, 64, 71, 83, 84, 85, 88, 89, 90, 91, 94, 99, 100, 101, 103, 115, 118, 119, 120, 121, 124, 125, 127, 136, 139, 142, 143, 145, 159, 160, 162, 163, 164, 168, 170, 172], "summary": {"covered_lines": 50, "num_statements": 60, "percent_covered": 83.33333333333333, "percent_covered_display": "83", "missing_lines": 10, "excluded_lines": 0, "percent_statements_covered": 83.33333333333333, "percent_statements_covered_display": "83"}, "missing_lines": [43, 59, 65, 68, 69, 137, 140, 165, 166, 167], "excluded_lines": [], "start_line": 15}, "": {"executed_lines": [11, 12, 15, 23, 24, 73, 74, 105, 106, 129, 130, 147, 148, 175], "summary": {"covered_lines": 14, "num_statements": 36, "percent_covered": 38.888888888888886, "percent_covered_display": "39", "missing_lines": 22, "excluded_lines": 0, "percent_statements_covered": 38.888888888888886, "percent_statements_covered_display": "39"}, "missing_lines": [186, 188, 189, 190, 192, 193, 194, 195, 197, 198, 200, 201, 202, 203, 204, 205, 206, 207, 208, 209, 211, 219], "excluded_lines": [], "start_line": 1}}}, "src/extraction/core/output.py": {"executed_lines": [14, 15, 16, 17, 18, 24, 83, 100], "summary": {"covered_lines": 8, "num_statements": 88, "percent_covered": 9.090909090909092, "percent_covered_display": "9", "missing_lines": 80, "excluded_lines": 2, "percent_statements_covered": 9.090909090909092, "percent_statements_covered_display": "9"}, "missing_lines": [47, 48, 50, 51, 52, 55, 56, 57, 59, 62, 63, 64, 65, 68, 69, 70, 71, 74, 75, 78, 79, 80, 91, 92, 94, 95, 96, 97, 121, 122, 124, 125, 128, 129, 130, 131, 132, 135, 136, 137, 138, 139, 140, 143, 144, 145, 147, 148, 149, 150, 151, 156, 157, 158, 160, 161, 163, 164, 165, 168, 169, 170, 171, 172, 176, 177, 178, 179, 180, 181, 182, 183, 186, 187, 188, 189, 190, 192, 193, 194], "excluded_lines": [20, 21], "functions": {"write_outputs": {"executed_lines": [], "summary": {"covered_lines": 0, "num_statements": 22, "percent_covered": 0.0, "percent_covered_display": "0", "missing_lines": 22, "excluded_lines": 0, "percent_statements_covered": 0.0, "percent_statements_covered_display": "0"}, "missing_lines": [47, 48, 50, 51, 52, 55, 56, 57, 59, 62, 63, 64, 65, 68, 69, 70, 71, 74, 75, 78, 79, 80], "excluded_lines": [], "start_line": 24}, "write_chunks_ndjson": {"executed_lines": [], "summary": {"covered_lines": 0, "num_statements": 6, "percent_covered": 0.0, "percent_covered_display": "0", "missing_lines": 6, "excluded_lines": 0, "percent_statements_covered": 0.0, "percent_statements_covered_display": "0"}, "missing_lines": [91, 92, 94, 95, 96, 97], "excluded_lines": [], "start_line": 83}, "write_hierarchy_report": {"executed_lines": [], "summary": {"covered_lines": 0, "num_statements": 52, "percent_covered": 0.0, "percent_covered_display": "0", "missing_lines": 52, "excluded_lines": 0, "percent_statements_covered": 0.0, "percent_statements_covered_display": "0"}, "missing_lines": [121, 122, 124, 125, 128, 129, 130, 131, 132, 135, 136, 137, 138, 139, 140, 143, 144, 145, 147, 148, 149, 150, 151, 156, 157, 158, 160, 161, 163, 164, 165, 168, 169, 170, 171, 172, 176, 177, 178, 179, 180, 181, 182, 183, 186, 187, 188, 189, 190, 192, 193, 194], "excluded_lines": [], "start_line": 100}, "": {"executed_lines": [14, 15, 16, 17, 18, 24, 83, 100], "summary": {"covered_lines": 8, "num_statements": 8, "percent_covered": 100.0, "percent_covered_display": "100", "missing_lines": 0, "excluded_lines": 2, "percent_statements_covered": 100.0, "percent_statements_covered_display": "100"}, "missing_lines": [], "excluded_lines": [20, 21], "start_line": 1}}, "classes": {"": {"executed_lines": [14, 15, 16, 17, 18, 24, 83, 100], "summary": {"covered_lines": 8, "num_statements": 88, "percent_covered": 9.090909090909092, "percent_covered_display": "9", "missing_lines": 80, "excluded_lines": 2, "percent_statements_covered": 9.090909090909092, "percent_statements_covered_display": "9"}, "missing_lines": [47, 48, 50, 51, 52, 55, 56, 57, 59, 62, 63, 64, 65, 68, 69, 70, 71, 74, 75, 78, 79, 80, 91, 92, 94, 95, 96, 97, 121, 122, 124, 125, 128, 129, 130, 131, 132, 135, 136, 137, 138, 139, 140, 143, 144, 145, 147, 148, 149, 150, 151, 156, 157, 158, 160, 161, 163, 164, 165, 168, 169, 170, 171, 172, 176, 177, 178, 179, 180, 181, 182, 183, 186, 187, 188, 189, 190, 192, 193, 194], "excluded_lines": [20, 21], "start_line": 1}}}, "src/extraction/core/quality.py": {"executed_lines": [14, 15, 16, 19, 31, 32, 40, 41, 44, 47, 48, 49, 50, 55, 58, 60, 68, 83, 85, 94, 95, 96, 99, 113, 114, 115, 116, 117], "summary": {"covered_lines": 28, "num_statements": 29, "percent_covered": 96.55172413793103, "percent_covered_display": "97", "missing_lines": 1, "excluded_lines": 0, "percent_statements_covered": 96.55172413793103, "percent_statements_covered_display": "97"}, "missing_lines": [52], "excluded_lines": [], "functions": {"quality_signals_from_text": {"executed_lines": [31, 32, 40, 41, 44, 47, 48, 49, 50, 55, 58, 60], "summary": {"covered_lines": 12, "num_statements": 13, "percent_covered": 92.3076923076923, "percent_covered_display": "92", "missing_lines": 1, "excluded_lines": 0, "percent_statements_covered": 92.3076923076923, "percent_statements_covered_display": "92"}, "missing_lines": [52], "excluded_lines": [], "start_line": 19}, "score_quality": {"executed_lines": [83, 85, 94, 95, 96], "summary": {"covered_lines": 5, "num_statements": 5, "percent_covered": 100.0, "percent_covered_display": "100", "missing_lines": 0, "excluded_lines": 0, "percent_statements_covered": 100.0, "percent_statements_covered_display": "100"}, "missing_lines": [], "excluded_lines": [], "start_line": 68}, "route_doc": {"executed_lines": [113, 114, 115, 116, 117], "summary": {"covered_lines": 5, "num_statements": 5, "percent_covered": 100.0, "percent_covered_display": "100", "missing_lines": 0, "excluded_lines": 0, "percent_statements_covered": 100.0, "percent_statements_covered_display": "100"}, "missing_lines": [], "excluded_lines": [], "start_line": 99}, "": {"executed_lines": [14, 15, 16, 19, 68, 99], "summary": {"covered_lines": 6, "num_statements": 6, "percent_covered": 100.0, "percent_covered_display": "100", "missing_lines": 0, "excluded_lines": 0, "percent_statements_covered": 100.0, "percent_statements_covered_display": "100"}, "missing_lines": [], "excluded_lines": [], "start_line": 1}}, "classes": {"": {"executed_lines": [14, 15, 16, 19, 31, 32, 40, 41, 44, 47, 48, 49, 50, 55, 58, 60, 68, 83, 85, 94, 95, 96, 99, 113, 114, 115, 116, 117], "summary": {"covered_lines": 28, "num_statements": 29, "percent_covered": 96.55172413793103, "percent_covered_display": "97", "missing_lines": 1, "excluded_lines": 0, "percent_statements_covered": 96.55172413793103, "percent_statements_covered_display": "97"}, "missing_lines": [52], "excluded_lines": [], "start_line": 1}}}, "src/extraction/core/strategies.py": {"executed_lines": [12, 13, 14, 15, 18, 19, 21, 22, 23, 26, 49, 60, 62, 64, 65, 68, 87, 90, 92, 93, 96, 97, 98, 101, 102, 105, 107, 109, 111, 116, 117, 119, 121, 123, 124, 126, 128, 133, 140, 141, 143, 144, 147, 149, 150, 153, 154, 155, 156, 159, 160, 162, 164, 166, 178, 185, 186, 189, 192, 193, 194, 195, 197, 198, 199, 200, 201, 204, 205, 207, 233, 234, 235, 236, 238, 240, 241, 245, 254, 267, 268, 269, 273], "summary": {"covered_lines": 83, "num_statements": 83, "percent_covered": 100.0, "percent_covered_display": "100", "missing_lines": 0, "excluded_lines": 17, "percent_statements_covered": 100.0, "percent_statements_covered_display": "100"}, "missing_lines": [], "excluded_lines": [29, 30, 31, 32, 33, 34, 35, 36, 37, 38, 39, 40, 41, 43, 44, 45, 46], "functions": {"ChunkingStrategy.apply": {"executed_lines": [], "summary": {"covered_lines": 0, "num_statements": 0, "percent_covered": 100.0, "percent_covered_display": "100", "missing_lines": 0, "excluded_lines": 11, "percent_statements_covered": 100.0, "percent_statements_covered_display": "100"}, "missing_lines": [], "excluded_lines": [31, 32, 33, 34, 35, 36, 37, 38, 39, 40, 41], "start_line": 30}, "ChunkingStrategy.name": {"executed_lines": [], "summary": {"covered_lines": 0, "num_statements": 0, "percent_covered": 100.0, "percent_covered_display": "100", "missing_lines": 0, "excluded_lines": 2, "percent_statements_covered": 100.0, "percent_statements_covered_display": "100"}, "missing_lines": [], "excluded_lines": [45, 46], "start_line": 44}, "ParagraphChunkingStrategy.apply": {"executed_lines": [62], "summary": {"covered_lines": 1, "num_statements": 1, "percent_covered": 100.0, "percent_covered_display": "100", "missing_lines": 0, "excluded_lines": 0, "percent_statements_covered": 100.0, "percent_statements_covered_display": "100"}, "missing_lines": [], "excluded_lines": [], "start_line": 60}, "ParagraphChunkingStrategy.name": {"executed_lines": [65], "summary": {"covered_lines": 1, "num_statements": 1, "percent_covered": 100.0, "percent_covered_display": "100", "missing_lines": 0, "excluded_lines": 0, "percent_statements_covered": 100.0, "percent_statements_covered_display": "100"}, "missing_lines": [], "excluded_lines": [], "start_line": 64}, "SemanticChunkingStrategy.apply": {"executed_lines": [90, 92, 93, 96, 97, 98, 101, 102, 105, 107, 109, 111, 116, 117, 119], "summary": {"covered_lines": 15, "num_statements": 15, "percent_covered": 100.0, "percent_covered_display": "100", "missing_lines": 0, "excluded_lines": 0, "percent_statements_covered": 100.0, "percent_statements_covered_display": "100"}, "missing_lines": [], "excluded_lines": [], "start_line": 87}, "SemanticChunkingStrategy._is_skippable_section": {"executed_lines": [123, 124], "summary": {"covered_lines": 2, "num_statements": 2, "percent_covered": 100.0, "percent_covered_display": "100", "missing_lines": 0, "excluded_lines": 0, "percent_statements_covered": 100.0, "percent_statements_covered_display": "100"}, "missing_lines": [], "excluded_lines": [], "start_line": 121}, "SemanticChunkingStrategy._make_hierarchy_key": {"executed_lines": [128], "summary": {"covered_lines": 1, "num_statements": 1, "percent_covered": 100.0, "percent_covered_display": "100", "missing_lines": 0, "excluded_lines": 0, "percent_statements_covered": 100.0, "percent_statements_covered_display": "100"}, "missing_lines": [], "excluded_lines": [], "start_line": 126}, "SemanticChunkingStrategy._merge_group": {"executed_lines": [140, 141, 143, 144, 147, 149, 150, 153, 154, 155, 156, 159, 160, 162], "summary": {"covered_lines": 14, "num_statements": 14, "percent_covered": 100.0, "percent_covered_display": "100", "missing_lines": 0, "excluded_lines": 0, "percent_statements_covered": 100.0, "percent_statements_covered_display": "100"}, "missing_lines": [], "excluded_lines": [], "start_line": 133}, "SemanticChunkingStrategy._new_merged_chunk": {"executed_lines": [166], "summary": {"covered_lines": 1, "num_statements": 1, "percent_covered": 100.0, "percent_covered_display": "100", "missing_lines": 0, "excluded_lines": 0, "percent_statements_covered": 100.0, "percent_statements_covered_display": "100"}, "missing_lines": [], "excluded_lines": [], "start_line": 164}, "SemanticChunkingStrategy._finalize_merged_chunk": {"executed_lines": [185, 186, 189, 192, 193, 194, 195, 197, 198, 199, 200, 201, 204, 205, 207, 233, 234, 235, 236, 238], "summary": {"covered_lines": 20, "num_statements": 20, "percent_covered": 100.0, "percent_covered_display": "100", "missing_lines": 0, "excluded_lines": 0, "percent_statements_covered": 100.0, "percent_statements_covered_display": "100"}, "missing_lines": [], "excluded_lines": [], "start_line": 178}, "SemanticChunkingStrategy.name": {"executed_lines": [241], "summary": {"covered_lines": 1, "num_statements": 1, "percent_covered": 100.0, "percent_covered_display": "100", "missing_lines": 0, "excluded_lines": 0, "percent_statements_covered": 100.0, "percent_statements_covered_display": "100"}, "missing_lines": [], "excluded_lines": [], "start_line": 240}, "get_strategy": {"executed_lines": [267, 268, 269, 273], "summary": {"covered_lines": 4, "num_statements": 4, "percent_covered": 100.0, "percent_covered_display": "100", "missing_lines": 0, "excluded_lines": 0, "percent_statements_covered": 100.0, "percent_statements_covered_display": "100"}, "missing_lines": [], "excluded_lines": [], "start_line": 254}, "": {"executed_lines": [12, 13, 14, 15, 18, 19, 21, 22, 23, 26, 49, 60, 64, 68, 87, 121, 126, 133, 164, 178, 240, 245, 254], "summary": {"covered_lines": 23, "num_statements": 23, "percent_covered": 100.0, "percent_covered_display": "100", "missing_lines": 0, "excluded_lines": 4, "percent_statements_covered": 100.0, "percent_statements_covered_display": "100"}, "missing_lines": [], "excluded_lines": [29, 30, 43, 44], "start_line": 1}}, "classes": {"ChunkConfig": {"executed_lines": [], "summary": {"covered_lines": 0, "num_statements": 0, "percent_covered": 100.0, "percent_covered_display": "100", "missing_lines": 0, "excluded_lines": 0, "percent_statements_covered": 100.0, "percent_statements_covered_display": "100"}, "missing_lines": [], "excluded_lines": [], "start_line": 19}, "ChunkingStrategy": {"executed_lines": [], "summary": {"covered_lines": 0, "num_statements": 0, "percent_covered": 100.0, "percent_covered_display": "100", "missing_lines": 0, "excluded_lines": 13, "percent_statements_covered": 100.0, "percent_statements_covered_display": "100"}, "missing_lines": [], "excluded_lines": [31, 32, 33, 34, 35, 36, 37, 38, 39, 40, 41, 45, 46], "start_line": 26}, "ParagraphChunkingStrategy": {"executed_lines": [62, 65], "summary": {"covered_lines": 2, "num_statements": 2, "percent_covered": 100.0, "percent_covered_display": "100", "missing_lines": 0, "excluded_lines": 0, "percent_statements_covered": 100.0, "percent_statements_covered_display": "100"}, "missing_lines": [], "excluded_lines": [], "start_line": 49}, "SemanticChunkingStrategy": {"executed_lines": [90, 92, 93, 96, 97, 98, 101, 102, 105, 107, 109, 111, 116, 117, 119, 123, 124, 128, 140, 141, 143, 144, 147, 149, 150, 153, 154, 155, 156, 159, 160, 162, 166, 185, 186, 189, 192, 193, 194, 195, 197, 198, 199, 200, 201, 204, 205, 207, 233, 234, 235, 236, 238, 241], "summary": {"covered_lines": 54, "num_statements": 54, "percent_covered": 100.0, "percent_covered_display": "100", "missing_lines": 0, "excluded_lines": 0, "percent_statements_covered": 100.0, "percent_statements_covered_display": "100"}, "missing_lines": [], "excluded_lines": [], "start_line": 68}, "": {"executed_lines": [12, 13, 14, 15, 18, 19, 21, 22, 23, 26, 49, 60, 64, 68, 87, 121, 126, 133, 164, 178, 240, 245, 254, 267, 268, 269, 273], "summary": {"covered_lines": 27, "num_statements": 27, "percent_covered": 100.0, "percent_covered_display": "100", "missing_lines": 0, "excluded_lines": 4, "percent_statements_covered": 100.0, "percent_statements_covered_display": "100"}, "missing_lines": [], "excluded_lines": [29, 30, 43, 44], "start_line": 1}}}, "src/extraction/core/text.py": {"executed_lines": [10, 11, 15, 16, 19, 25, 27, 28, 30, 32, 33, 36, 39, 40, 41, 43, 44, 46, 47, 49, 50, 51, 52, 54, 55, 58, 60, 63, 65, 66, 67, 69, 72, 73, 75, 77, 78, 81, 83], "summary": {"covered_lines": 39, "num_statements": 39, "percent_covered": 100.0, "percent_covered_display": "100", "missing_lines": 0, "excluded_lines": 0, "percent_statements_covered": 100.0, "percent_statements_covered_display": "100"}, "missing_lines": [], "excluded_lines": [], "functions": {"normalize_spaced_caps": {"executed_lines": [27, 28, 30, 32, 33], "summary": {"covered_lines": 5, "num_statements": 5, "percent_covered": 100.0, "percent_covered_display": "100", "missing_lines": 0, "excluded_lines": 0, "percent_statements_covered": 100.0, "percent_statements_covered_display": "100"}, "missing_lines": [], "excluded_lines": [], "start_line": 25}, "clean_text": {"executed_lines": [39, 40, 41, 43, 44, 46, 47, 49, 50, 51, 52, 54, 55], "summary": {"covered_lines": 13, "num_statements": 13, "percent_covered": 100.0, "percent_covered_display": "100", "missing_lines": 0, "excluded_lines": 0, "percent_statements_covered": 100.0, "percent_statements_covered_display": "100"}, "missing_lines": [], "excluded_lines": [], "start_line": 36}, "estimate_word_count": {"executed_lines": [60], "summary": {"covered_lines": 1, "num_statements": 1, "percent_covered": 100.0, "percent_covered_display": "100", "missing_lines": 0, "excluded_lines": 0, "percent_statements_covered": 100.0, "percent_statements_covered_display": "100"}, "missing_lines": [], "excluded_lines": [], "start_line": 58}, "clean_toc_title": {"executed_lines": [65, 66, 67, 69, 72, 73, 75, 77, 78], "summary": {"covered_lines": 9, "num_statements": 9, "percent_covered": 100.0, "percent_covered_display": "100", "missing_lines": 0, "excluded_lines": 0, "percent_statements_covered": 100.0, "percent_statements_covered_display": "100"}, "missing_lines": [], "excluded_lines": [], "start_line": 63}, "normalize_ascii": {"executed_lines": [83], "summary": {"covered_lines": 1, "num_statements": 1, "percent_covered": 100.0, "percent_covered_display": "100", "missing_lines": 0, "excluded_lines": 0, "percent_statements_covered": 100.0, "percent_statements_covered_display": "100"}, "missing_lines": [], "excluded_lines": [], "start_line": 81}, "": {"executed_lines": [10, 11, 15, 16, 19, 25, 36, 58, 63, 81], "summary": {"covered_lines": 10, "num_statements": 10, "percent_covered": 100.0, "percent_covered_display": "100", "missing_lines": 0, "excluded_lines": 0, "percent_statements_covered": 100.0, "percent_statements_covered_display": "100"}, "missing_lines": [], "excluded_lines": [], "start_line": 1}}, "classes": {"": {"executed_lines": [10, 11, 15, 16, 19, 25, 27, 28, 30, 32, 33, 36, 39, 40, 41, 43, 44, 46, 47, 49, 50, 51, 52, 54, 55, 58, 60, 63, 65, 66, 67, 69, 72, 73, 75, 77, 78, 81, 83], "summary": {"covered_lines": 39, "num_statements": 39, "percent_covered": 100.0, "percent_covered_display": "100", "missing_lines": 0, "excluded_lines": 0, "percent_statements_covered": 100.0, "percent_statements_covered_display": "100"}, "missing_lines": [], "excluded_lines": [], "start_line": 1}}}, "src/extraction/exceptions.py": {"executed_lines": [10, 13, 20, 23, 29, 32, 44, 50, 51, 52, 54, 55, 57, 59, 65, 77, 83, 84, 85, 87, 88, 91, 94, 100, 103, 113, 114, 115, 118, 130, 136, 137, 139, 142, 144, 145, 148, 151, 157, 160, 172, 178, 179, 180, 182, 183, 185, 187, 193, 205, 211, 212, 213, 215, 216, 219], "summary": {"covered_lines": 56, "num_statements": 60, "percent_covered": 93.33333333333333, "percent_covered_display": "93", "missing_lines": 4, "excluded_lines": 0, "percent_statements_covered": 93.33333333333333, "percent_statements_covered_display": "93"}, "missing_lines": [89, 140, 146, 217], "excluded_lines": [], "functions": {"InvalidConfigValueError.__init__": {"executed_lines": [50, 51, 52, 54, 55, 57, 59], "summary": {"covered_lines": 7, "num_statements": 7, "percent_covered": 100.0, "percent_covered_display": "100", "missing_lines": 0, "excluded_lines": 0, "percent_statements_covered": 100.0, "percent_statements_covered_display": "100"}, "missing_lines": [], "excluded_lines": [], "start_line": 44}, "DependencyError.__init__": {"executed_lines": [83, 84, 85, 87, 88, 91], "summary": {"covered_lines": 6, "num_statements": 7, "percent_covered": 85.71428571428571, "percent_covered_display": "86", "missing_lines": 1, "excluded_lines": 0, "percent_statements_covered": 85.71428571428571, "percent_statements_covered_display": "86"}, "missing_lines": [89], "excluded_lines": [], "start_line": 77}, "FileNotFoundError.__init__": {"executed_lines": [114, 115], "summary": {"covered_lines": 2, "num_statements": 2, "percent_covered": 100.0, "percent_covered_display": "100", "missing_lines": 0, "excluded_lines": 0, "percent_statements_covered": 100.0, "percent_statements_covered_display": "100"}, "missing_lines": [], "excluded_lines": [], "start_line": 113}, "InvalidFileFormatError.__init__": {"executed_lines": [136, 137, 139, 142, 144, 145, 148], "summary": {"covered_lines": 7, "num_statements": 9, "percent_covered": 77.77777777777777, "percent_covered_display": "78", "missing_lines": 2, "excluded_lines": 0, "percent_statements_covered": 77.77777777777777, "percent_statements_covered_display": "78"}, "missing_lines": [140, 146], "excluded_lines": [], "start_line": 130}, "MethodOrderError.__init__": {"executed_lines": [178, 179, 180, 182, 183, 185, 187], "summary": {"covered_lines": 7, "num_statements": 7, "percent_covered": 100.0, "percent_covered_display": "100", "missing_lines": 0, "excluded_lines": 0, "percent_statements_covered": 100.0, "percent_statements_covered_display": "100"}, "missing_lines": [], "excluded_lines": [], "start_line": 172}, "ParseError.__init__": {"executed_lines": [211, 212, 213, 215, 216, 219], "summary": {"covered_lines": 6, "num_statements": 7, "percent_covered": 85.71428571428571, "percent_covered_display": "86", "missing_lines": 1, "excluded_lines": 0, "percent_statements_covered": 85.71428571428571, "percent_statements_covered_display": "86"}, "missing_lines": [217], "excluded_lines": [], "start_line": 205}, "": {"executed_lines": [10, 13, 20, 23, 29, 32, 44, 65, 77, 94, 100, 103, 113, 118, 130, 151, 157, 160, 172, 193, 205], "summary": {"covered_lines": 21, "num_statements": 21, "percent_covered": 100.0, "percent_covered_display": "100", "missing_lines": 0, "excluded_lines": 0, "percent_statements_covered": 100.0, "percent_statements_covered_display": "100"}, "missing_lines": [], "excluded_lines": [], "start_line": 1}}, "classes": {"ExtractionError": {"executed_lines": [], "summary": {"covered_lines": 0, "num_statements": 0, "percent_covered": 100.0, "percent_covered_display": "100", "missing_lines": 0, "excluded_lines": 0, "percent_statements_covered": 100.0, "percent_statements_covered_display": "100"}, "missing_lines": [], "excluded_lines": [], "start_line": 13}, "ConfigError": {"executed_lines": [], "summary": {"covered_lines": 0, "num_statements": 0, "percent_covered": 100.0, "percent_covered_display": "100", "missing_lines": 0, "excluded_lines": 0, "percent_statements_covered": 100.0, "percent_statements_covered_display": "100"}, "missing_lines": [], "excluded_lines": [], "start_line": 23}, "InvalidConfigValueError": {"executed_lines": [50, 51, 52, 54, 55, 57, 59], "summary": {"covered_lines": 7, "num_statements": 7, "percent_covered": 100.0, "percent_covered_display": "100", "missing_lines": 0, "excluded_lines": 0, "percent_statements_covered": 100.0, "percent_statements_covered_display": "100"}, "missing_lines": [], "excluded_lines": [], "start_line": 32}, "DependencyError": {"executed_lines": [83, 84, 85, 87, 88, 91], "summary": {"covered_lines": 6, "num_statements": 7, "percent_covered": 85.71428571428571, "percent_covered_display": "86", "missing_lines": 1, "excluded_lines": 0, "percent_statements_covered": 85.71428571428571, "percent_statements_covered_display": "86"}, "missing_lines": [89], "excluded_lines": [], "start_line": 65}, "FileError": {"executed_lines": [], "summary": {"covered_lines": 0, "num_statements": 0, "percent_covered": 100.0, "percent_covered_display": "100", "missing_lines": 0, "excluded_lines": 0, "percent_statements_covered": 100.0, "percent_statements_covered_display": "100"}, "missing_lines": [], "excluded_lines": [], "start_line": 94}, "FileNotFoundError": {"executed_lines": [114, 115], "summary": {"covered_lines": 2, "num_statements": 2, "percent_covered": 100.0, "percent_covered_display": "100", "missing_lines": 0, "excluded_lines": 0, "percent_statements_covered": 100.0, "percent_statements_covered_display": "100"}, "missing_lines": [], "excluded_lines": [], "start_line": 103}, "InvalidFileFormatError": {"executed_lines": [136, 137, 139, 142, 144, 145, 148], "summary": {"covered_lines": 7, "num_statements": 9, "percent_covered": 77.77777777777777, "percent_covered_display": "78", "missing_lines": 2, "excluded_lines": 0, "percent_statements_covered": 77.77777777777777, "percent_statements_covered_display": "78"}, "missing_lines": [140, 146], "excluded_lines": [], "start_line": 118}, "StateError": {"executed_lines": [], "summary": {"covered_lines": 0, "num_statements": 0, "percent_covered": 100.0, "percent_covered_display": "100", "missing_lines": 0, "excluded_lines": 0, "percent_statements_covered": 100.0, "percent_statements_covered_display": "100"}, "missing_lines": [], "excluded_lines": [], "start_line": 151}, "MethodOrderError": {"executed_lines": [178, 179, 180, 182, 183, 185, 187], "summary": {"covered_lines": 7, "num_statements": 7, "percent_covered": 100.0, "percent_covered_display": "100", "missing_lines": 0, "excluded_lines": 0, "percent_statements_covered": 100.0, "percent_statements_covered_display": "100"}, "missing_lines": [], "excluded_lines": [], "start_line": 160}, "ParseError": {"executed_lines": [211, 212, 213, 215, 216, 219], "summary": {"covered_lines": 6, "num_statements": 7, "percent_covered": 85.71428571428571, "percent_covered_display": "86", "missing_lines": 1, "excluded_lines": 0, "percent_statements_covered": 85.71428571428571, "percent_statements_covered_display": "86"}, "missing_lines": [217], "excluded_lines": [], "start_line": 193}, "": {"executed_lines": [10, 13, 20, 23, 29, 32, 44, 65, 77, 94, 100, 103, 113, 118, 130, 151, 157, 160, 172, 193, 205], "summary": {"covered_lines": 21, "num_statements": 21, "percent_covered": 100.0, "percent_covered_display": "100", "missing_lines": 0, "excluded_lines": 0, "percent_statements_covered": 100.0, "percent_statements_covered_display": "100"}, "missing_lines": [], "excluded_lines": [], "start_line": 1}}}, "src/extraction/extractors/__init__.py": {"executed_lines": [13, 14, 15, 16, 17, 18, 19, 28], "summary": {"covered_lines": 8, "num_statements": 8, "percent_covered": 100.0, "percent_covered_display": "100", "missing_lines": 0, "excluded_lines": 0, "percent_statements_covered": 100.0, "percent_statements_covered_display": "100"}, "missing_lines": [], "excluded_lines": [], "functions": {"": {"executed_lines": [13, 14, 15, 16, 17, 18, 19, 28], "summary": {"covered_lines": 8, "num_statements": 8, "percent_covered": 100.0, "percent_covered_display": "100", "missing_lines": 0, "excluded_lines": 0, "percent_statements_covered": 100.0, "percent_statements_covered_display": "100"}, "missing_lines": [], "excluded_lines": [], "start_line": 1}}, "classes": {"": {"executed_lines": [13, 14, 15, 16, 17, 18, 19, 28], "summary": {"covered_lines": 8, "num_statements": 8, "percent_covered": 100.0, "percent_covered_display": "100", "missing_lines": 0, "excluded_lines": 0, "percent_statements_covered": 100.0, "percent_statements_covered_display": "100"}, "missing_lines": [], "excluded_lines": [], "start_line": 1}}}, "src/extraction/extracto
[...]
missing_lines": [44], "excluded_lines": [], "start_line": 42}, "ExtractorState.can_get_output": {"executed_lines": [], "summary": {"covered_lines": 0, "num_statements": 1, "percent_covered": 0.0, "percent_covered_display": "0", "missing_lines": 1, "excluded_lines": 0, "percent_statements_covered": 0.0, "percent_statements_covered_display": "0"}, "missing_lines": [48], "excluded_lines": [], "start_line": 46}, "ExtractorState.is_ready_for_output": {"executed_lines": [], "summary": {"covered_lines": 0, "num_statements": 1, "percent_covered": 0.0, "percent_covered_display": "0", "missing_lines": 1, "excluded_lines": 0, "percent_statements_covered": 0.0, "percent_statements_covered_display": "0"}, "missing_lines": [52], "excluded_lines": [], "start_line": 50}, "": {"executed_lines": [10, 13, 28, 29, 30, 31, 32, 34, 38, 42, 46, 50], "summary": {"covered_lines": 12, "num_statements": 12, "percent_covered": 100.0, "percent_covered_display": "100", "missing_lines": 0, "excluded_lines": 0, "percent_statements_covered": 100.0, "percent_statements_covered_display": "100"}, "missing_lines": [], "excluded_lines": [], "start_line": 1}}, "classes": {"ExtractorState": {"executed_lines": [], "summary": {"covered_lines": 0, "num_statements": 5, "percent_covered": 0.0, "percent_covered_display": "0", "missing_lines": 5, "excluded_lines": 0, "percent_statements_covered": 0.0, "percent_statements_covered_display": "0"}, "missing_lines": [36, 40, 44, 48, 52], "excluded_lines": [], "start_line": 13}, "": {"executed_lines": [10, 13, 28, 29, 30, 31, 32, 34, 38, 42, 46, 50], "summary": {"covered_lines": 12, "num_statements": 12, "percent_covered": 100.0, "percent_covered_display": "100", "missing_lines": 0, "excluded_lines": 0, "percent_statements_covered": 100.0, "percent_statements_covered_display": "100"}, "missing_lines": [], "excluded_lines": [], "start_line": 1}}}, "src/extraction/storage/__init__.py": {"executed_lines": [], "summary": {"covered_lines": 0, "num_statements": 2, "percent_covered": 0.0, "percent_covered_display": "0", "missing_lines": 2, "excluded_lines": 0, "percent_statements_covered": 0.0, "percent_statements_covered_display": "0"}, "missing_lines": [1, 3], "excluded_lines": [], "functions": {"": {"executed_lines": [], "summary": {"covered_lines": 0, "num_statements": 2, "percent_covered": 0.0, "percent_covered_display": "0", "missing_lines": 2, "excluded_lines": 0, "percent_statements_covered": 0.0, "percent_statements_covered_display": "0"}, "missing_lines": [1, 3], "excluded_lines": [], "start_line": 1}}, "classes": {"": {"executed_lines": [], "summary": {"covered_lines": 0, "num_statements": 2, "percent_covered": 0.0, "percent_covered_display": "0", "missing_lines": 2, "excluded_lines": 0, "percent_statements_covered": 0.0, "percent_statements_covered_display": "0"}, "missing_lines": [1, 3], "excluded_lines": [], "start_line": 1}}}, "src/extraction/storage/s3_uploader.py": {"executed_lines": [], "summary": {"covered_lines": 0, "num_statements": 82, "percent_covered": 0.0, "percent_covered_display": "0", "missing_lines": 82, "excluded_lines": 0, "percent_statements_covered": 0.0, "percent_statements_covered_display": "0"}, "missing_lines": [1, 2, 3, 4, 6, 7, 8, 9, 10, 11, 14, 15, 17, 18, 19, 22, 23, 24, 25, 29, 30, 32, 38, 39, 40, 42, 43, 45, 46, 47, 49, 53, 54, 56, 57, 59, 60, 62, 63, 64, 71, 78, 79, 81, 83, 85, 86, 87, 88, 89, 90, 91, 92, 93, 95, 96, 98, 99, 100, 101, 103, 104, 105, 107, 109, 110, 111, 113, 119, 121, 122, 123, 124, 125, 126, 128, 129, 130, 138, 139, 140, 141], "excluded_lines": [], "functions": {"S3Uploader.__init__": {"executed_lines": [], "summary": {"covered_lines": 0, "num_statements": 4, "percent_covered": 0.0, "percent_covered_display": "0", "missing_lines": 4, "excluded_lines": 0, "percent_statements_covered": 0.0, "percent_statements_covered_display": "0"}, "missing_lines": [24, 25, 29, 30], "excluded_lines": [], "start_line": 23}, "S3Uploader.upload_image": {"executed_lines": [], "summary": {"covered_lines": 0, "num_statements": 32, "percent_covered": 0.0, "percent_covered_display": "0", "missing_lines": 32, "excluded_lines": 0, "percent_statements_covered": 0.0, "percent_statements_covered_display": "0"}, "missing_lines": [38, 39, 40, 42, 43, 45, 46, 47, 49, 53, 54, 56, 57, 59, 60, 62, 63, 64, 71, 78, 79, 81, 83, 85, 86, 87, 88, 89, 90, 91, 92, 93], "excluded_lines": [], "start_line": 32}, "S3Uploader.upload_images": {"executed_lines": [], "summary": {"covered_lines": 0, "num_statements": 9, "percent_covered": 0.0, "percent_covered_display": "0", "missing_lines": 9, "excluded_lines": 0, "percent_statements_covered": 0.0, "percent_statements_covered_display": "0"}, "missing_lines": [96, 98, 99, 100, 101, 103, 104, 105, 107], "excluded_lines": [], "start_line": 95}, "S3Uploader.download_image": {"executed_lines": [], "summary": {"covered_lines": 0, "num_statements": 10, "percent_covered": 0.0, "percent_covered_display": "0", "missing_lines": 10, "excluded_lines": 0, "percent_statements_covered": 0.0, "percent_statements_covered_display": "0"}, "missing_lines": [110, 111, 113, 119, 121, 122, 123, 124, 125, 126], "excluded_lines": [], "start_line": 109}, "S3Uploader.generate_presigned_url": {"executed_lines": [], "summary": {"covered_lines": 0, "num_statements": 6, "percent_covered": 0.0, "percent_covered_display": "0", "missing_lines": 6, "excluded_lines": 0, "percent_statements_covered": 0.0, "percent_statements_covered_display": "0"}, "missing_lines": [129, 130, 138, 139, 140, 141], "excluded_lines": [], "start_line": 128}, "": {"executed_lines": [], "summary": {"covered_lines": 0, "num_statements": 21, "percent_covered": 0.0, "percent_covered_display": "0", "missing_lines": 21, "excluded_lines": 0, "percent_statements_covered": 0.0, "percent_statements_covered_display": "0"}, "missing_lines": [1, 2, 3, 4, 6, 7, 8, 9, 10, 11, 14, 15, 17, 18, 19, 22, 23, 32, 95, 109, 128], "excluded_lines": [], "start_line": 1}}, "classes": {"S3Config": {"executed_lines": [], "summary": {"covered_lines": 0, "num_statements": 0, "percent_covered": 100.0, "percent_covered_display": "100", "missing_lines": 0, "excluded_lines": 0, "percent_statements_covered": 100.0, "percent_statements_covered_display": "100"}, "missing_lines": [], "excluded_lines": [], "start_line": 15}, "S3Uploader": {"executed_lines": [], "summary": {"covered_lines": 0, "num_statements": 61, "percent_covered": 0.0, "percent_covered_display": "0", "missing_lines": 61, "excluded_lines": 0, "percent_statements_covered": 0.0, "percent_statements_covered_display": "0"}, "missing_lines": [24, 25, 29, 30, 38, 39, 40, 42, 43, 45, 46, 47, 49, 53, 54, 56, 57, 59, 60, 62, 63, 64, 71, 78, 79, 81, 83, 85, 86, 87, 88, 89, 90, 91, 92, 93, 96, 98, 99, 100, 101, 103, 104, 105, 107, 110, 111, 113, 119, 121, 122, 123, 124, 125, 126, 129, 130, 138, 139, 140, 141], "excluded_lines": [], "start_line": 22}, "": {"executed_lines": [], "summary": {"covered_lines": 0, "num_statements": 21, "percent_covered": 0.0, "percent_covered_display": "0", "missing_lines": 21, "excluded_lines": 0, "percent_statements_covered": 0.0, "percent_statements_covered_display": "0"}, "missing_lines": [1, 2, 3, 4, 6, 7, 8, 9, 10, 11, 14, 15, 17, 18, 19, 22, 23, 32, 95, 109, 128], "excluded_lines": [], "start_line": 1}}}, "src/extraction/tools/__init__.py": {"executed_lines": [8, 10], "summary": {"covered_lines": 2, "num_statements": 2, "percent_covered": 100.0, "percent_covered_display": "100", "missing_lines": 0, "excluded_lines": 0, "percent_statements_covered": 100.0, "percent_statements_covered_display": "100"}, "missing_lines": [], "excluded_lines": [], "functions": {"": {"executed_lines": [8, 10], "summary": {"covered_lines": 2, "num_statements": 2, "percent_covered": 100.0, "percent_covered_display": "100", "missing_lines": 0, "excluded_lines": 0, "percent_statements_covered": 100.0, "percent_statements_covered_display": "100"}, "missing_lines": [], "excluded_lines": [], "start_line": 1}}, "classes": {"": {"executed_lines": [8, 10], "summary": {"covered_lines": 2, "num_statements": 2, "percent_covered": 100.0, "percent_covered_display": "100", "missing_lines": 0, "excluded_lines": 0, "percent_statements_covered": 100.0, "percent_statements_covered_display": "100"}, "missing_lines": [], "excluded_lines": [], "start_line": 1}}}, "src/extraction/tools/overlap_strategies.py": {"executed_lines": [8, 9, 10, 12, 15, 18, 19, 24, 25, 26, 27, 31, 38, 45, 53, 68, 69, 71, 72, 73, 74, 76, 77, 82, 109, 110, 112, 113, 114, 115, 116, 118, 120, 123, 126, 128, 129, 136, 139, 140, 145, 146, 147, 150, 156, 157, 160, 161, 162, 168, 169, 171, 175, 178, 193, 195, 196, 198, 204, 205, 206, 207, 209, 211, 212, 214, 216, 217, 218, 219, 220, 222, 223, 225, 226, 228], "summary": {"covered_lines": 76, "num_statements": 81, "percent_covered": 93.82716049382717, "percent_covered_display": "94", "missing_lines": 5, "excluded_lines": 0, "percent_statements_covered": 93.82716049382717, "percent_statements_covered_display": "94"}, "missing_lines": [79, 121, 152, 153, 154], "excluded_lines": [], "functions": {"find_overlap_start": {"executed_lines": [68, 69, 71, 72, 73, 74, 76, 77], "summary": {"covered_lines": 8, "num_statements": 9, "percent_covered": 88.88888888888889, "percent_covered_display": "89", "missing_lines": 1, "excluded_lines": 0, "percent_statements_covered": 88.88888888888889, "percent_statements_covered_display": "89"}, "missing_lines": [79], "excluded_lines": [], "start_line": 53}, "create_overlapping_chunks": {"executed_lines": [109, 110, 112, 113, 114, 115, 116, 118, 120, 123, 126, 128, 129, 136, 139, 140, 145, 146, 147, 150, 156, 157, 160, 161, 162, 168, 169, 171, 175], "summary": {"covered_lines": 29, "num_statements": 33, "percent_covered": 87.87878787878788, "percent_covered_display": "88", "missing_lines": 4, "excluded_lines": 0, "percent_statements_covered": 87.87878787878788, "percent_statements_covered_display": "88"}, "missing_lines": [121, 152, 153, 154], "excluded_lines": [], "start_line": 82}, "validate_and_split_oversized": {"executed_lines": [193, 195, 196, 198, 204, 205, 206, 207, 209, 211, 212, 214, 216, 217, 218, 219, 220, 222, 223, 225, 226, 228], "summary": {"covered_lines": 22, "num_statements": 22, "percent_covered": 100.0, "percent_covered_display": "100", "missing_lines": 0, "excluded_lines": 0, "percent_statements_covered": 100.0, "percent_statements_covered_display": "100"}, "missing_lines": [], "excluded_lines": [], "start_line": 178}, "": {"executed_lines": [8, 9, 10, 12, 15, 18, 19, 24, 25, 26, 27, 31, 38, 45, 53, 82, 178], "summary": {"covered_lines": 17, "num_statements": 17, "percent_covered": 100.0, "percent_covered_display": "100", "missing_lines": 0, "excluded_lines": 0, "percent_statements_covered": 100.0, "percent_statements_covered_display": "100"}, "missing_lines": [], "excluded_lines": [], "start_line": 1}}, "classes": {"TokenChunkConfig": {"executed_lines": [], "summary": {"covered_lines": 0, "num_statements": 0, "percent_covered": 100.0, "percent_covered_display": "100", "missing_lines": 0, "excluded_lines": 0, "percent_statements_covered": 100.0, "percent_statements_covered_display": "100"}, "missing_lines": [], "excluded_lines": [], "start_line": 19}, "": {"executed_lines": [8, 9, 10, 12, 15, 18, 19, 24, 25, 26, 27, 31, 38, 45, 53, 68, 69, 71, 72, 73, 74, 76, 77, 82, 109, 110, 112, 113, 114, 115, 116, 118, 120, 123, 126, 128, 129, 136, 139, 140, 145, 146, 147, 150, 156, 157, 160, 161, 162, 168, 169, 171, 175, 178, 193, 195, 196, 198, 204, 205, 206, 207, 209, 211, 212, 214, 216, 217, 218, 219, 220, 222, 223, 225, 226, 228], "summary": {"covered_lines": 76, "num_statements": 81, "percent_covered": 93.82716049382717, "percent_covered_display": "94", "missing_lines": 5, "excluded_lines": 0, "percent_statements_covered": 93.82716049382717, "percent_statements_covered_display": "94"}, "missing_lines": [79, 121, 152, 153, 154], "excluded_lines": [], "start_line": 1}}}, "src/extraction/tools/token_rechunker.py": {"executed_lines": [10, 11, 12, 13, 14, 15, 17, 18, 28, 31, 41, 56, 57, 60, 61, 62, 64, 65, 66, 67, 69, 70, 71, 74, 75, 77, 78, 83, 86, 103, 104, 106, 107, 109, 113, 115, 117, 120, 121, 122, 125, 128, 135, 137, 141, 143, 154, 155, 162, 163, 170, 176, 179, 182, 192, 193, 194, 195, 196, 198, 201, 210, 211, 212, 214, 225, 226, 227, 228, 230, 231, 233, 234, 236, 247, 258, 289], "summary": {"covered_lines": 77, "num_statements": 146, "percent_covered": 52.73972602739726, "percent_covered_display": "53", "missing_lines": 69, "excluded_lines": 2, "percent_statements_covered": 52.73972602739726, "percent_statements_covered_display": "53"}, "missing_lines": [33, 34, 110, 111, 123, 164, 168, 171, 177, 215, 237, 274, 275, 276, 277, 278, 279, 280, 282, 283, 284, 286, 291, 310, 316, 322, 329, 335, 341, 347, 353, 359, 365, 371, 374, 377, 378, 379, 382, 383, 385, 388, 389, 390, 391, 393, 396, 397, 398, 399, 400, 401, 402, 403, 405, 406, 409, 410, 411, 414, 415, 422, 423, 426, 427, 428, 436, 437, 438], "excluded_lines": [441, 442], "functions": {"setup_logging": {"executed_lines": [], "summary": {"covered_lines": 0, "num_statements": 2, "percent_covered": 0.0, "percent_covered_display": "0", "missing_lines": 2, "excluded_lines": 0, "percent_statements_covered": 0.0, "percent_statements_covered_display": "0"}, "missing_lines": [33, 34], "excluded_lines": [], "start_line": 31}, "determine_hierarchy": {"executed_lines": [56, 57, 60, 61, 62, 64, 65, 66, 67, 69, 70, 71, 74, 75, 77, 78, 83], "summary": {"covered_lines": 17, "num_statements": 17, "percent_covered": 100.0, "percent_covered_display": "100", "missing_lines": 0, "excluded_lines": 0, "percent_statements_covered": 100.0, "percent_statements_covered_display": "100"}, "missing_lines": [], "excluded_lines": [], "start_line": 41}, "process_extraction_output": {"executed_lines": [103, 104, 106, 107, 109, 113, 115, 117, 120, 121, 122, 125, 128, 135, 137, 141, 143, 154, 155, 162, 163, 170, 176, 179], "summary": {"covered_lines": 24, "num_statements": 31, "percent_covered": 77.41935483870968, "percent_covered_display": "77", "missing_lines": 7, "excluded_lines": 0, "percent_statements_covered": 77.41935483870968, "percent_statements_covered_display": "77"}, "missing_lines": [110, 111, 123, 164, 168, 171, 177], "excluded_lines": [], "start_line": 86}, "write_jsonl": {"executed_lines": [192, 193, 194, 195, 196, 198], "summary": {"covered_lines": 6, "num_statements": 6, "percent_covered": 100.0, "percent_covered_display": "100", "missing_lines": 0, "excluded_lines": 0, "percent_statements_covered": 100.0, "percent_statements_covered_display": "100"}, "missing_lines": [], "excluded_lines": [], "start_line": 182}, "calculate_statistics": {"executed_lines": [210, 211, 212, 214, 225, 226, 227, 228, 230, 231, 233, 234, 236, 247], "summary": {"covered_lines": 14, "num_statements": 16, "percent_covered": 87.5, "percent_covered_display": "88", "missing_lines": 2, "excluded_lines": 0, "percent_statements_covered": 87.5, "percent_statements_covered_display": "88"}, "missing_lines": [215, 237], "excluded_lines": [], "start_line": 201}, "print_statistics": {"executed_lines": [], "summary": {"covered_lines": 0, "num_statements": 11, "percent_covered": 0.0, "percent_covered_display": "0", "missing_lines": 11, "excluded_lines": 0, "percent_statements_covered": 0.0, "percent_statements_covered_display": "0"}, "missing_lines": [274, 275, 276, 277, 278, 279, 280, 282, 283, 284, 286], "excluded_lines": [], "start_line": 258}, "main": {"executed_lines": [], "summary": {"covered_lines": 0, "num_statements": 47, "percent_covered": 0.0, "percent_covered_display": "0", "missing_lines": 47, "excluded_lines": 0, "percent_statements_covered": 0.0, "percent_statements_covered_display": "0"}, "missing_lines": [291, 310, 316, 322, 329, 335, 341, 347, 353, 359, 365, 371, 374, 377, 378, 379, 382, 383, 385, 388, 389, 390, 391, 393, 396, 397, 398, 399, 400, 401, 402, 403, 405, 406, 409, 410, 411, 414, 415, 422, 423, 426, 427, 428, 436, 437, 438], "excluded_lines": [], "start_line": 289}, "": {"executed_lines": [10, 11, 12, 13, 14, 15, 17, 18, 28, 31, 41, 86, 182, 201, 258, 289], "summary": {"covered_lines": 16, "num_statements": 16, "percent_covered": 100.0, "percent_covered_display": "100", "missing_lines": 0, "excluded_lines": 2, "percent_statements_covered": 100.0, "percent_statements_covered_display": "100"}, "missing_lines": [], "excluded_lines": [441, 442], "start_line": 1}}, "classes": {"": {"executed_lines": [10, 11, 12, 13, 14, 15, 17, 18, 28, 31, 41, 56, 57, 60, 61, 62, 64, 65, 66, 67, 69, 70, 71, 74, 75, 77, 78, 83, 86, 103, 104, 106, 107, 109, 113, 115, 117, 120, 121, 122, 125, 128, 135, 137, 141, 143, 154, 155, 162, 163, 170, 176, 179, 182, 192, 193, 194, 195, 196, 198, 201, 210, 211, 212, 214, 225, 226, 227, 228, 230, 231, 233, 234, 236, 247, 258, 289], "summary": {"covered_lines": 77, "num_statements": 146, "percent_covered": 52.73972602739726, "percent_covered_display": "53", "missing_lines": 69, "excluded_lines": 2, "percent_statements_covered": 52.73972602739726, "percent_statements_covered_display": "53"}, "missing_lines": [33, 34, 110, 111, 123, 164, 168, 171, 177, 215, 237, 274, 275, 276, 277, 278, 279, 280, 282, 283, 284, 286, 291, 310, 316, 322, 329, 335, 341, 347, 353, 359, 365, 371, 374, 377, 378, 379, 382, 383, 385, 388, 389, 390, 391, 393, 396, 397, 398, 399, 400, 401, 402, 403, 405, 406, 409, 410, 411, 414, 415, 422, 423, 426, 427, 428, 436, 437, 438], "excluded_lines": [441, 442], "start_line": 1}}}, "src/extraction/tools/tokenizer_utils.py": {"executed_lines": [7, 8, 9, 12, 13, 29, 32, 47, 48, 49, 52, 67, 68, 70, 71], "summary": {"covered_lines": 15, "num_statements": 15, "percent_covered": 100.0, "percent_covered_display": "100", "missing_lines": 0, "excluded_lines": 0, "percent_statements_covered": 100.0, "percent_statements_covered_display": "100"}, "missing_lines": [], "excluded_lines": [], "functions": {"load_tokenizer": {"executed_lines": [29], "summary": {"covered_lines": 1, "num_statements": 1, "percent_covered": 100.0, "percent_covered_display": "100", "missing_lines": 0, "excluded_lines": 0, "percent_statements_covered": 100.0, "percent_statements_covered_display": "100"}, "missing_lines": [], "excluded_lines": [], "start_line": 13}, "count_tokens": {"executed_lines": [47, 48, 49], "summary": {"covered_lines": 3, "num_statements": 3, "percent_covered": 100.0, "percent_covered_display": "100", "missing_lines": 0, "excluded_lines": 0, "percent_statements_covered": 100.0, "percent_statements_covered_display": "100"}, "missing_lines": [], "excluded_lines": [], "start_line": 32}, "tokenize_batch": {"executed_lines": [67, 68, 70, 71], "summary": {"covered_lines": 4, "num_statements": 4, "percent_covered": 100.0, "percent_covered_display": "100", "missing_lines": 0, "excluded_lines": 0, "percent_statements_covered": 100.0, "percent_statements_covered_display": "100"}, "missing_lines": [], "excluded_lines": [], "start_line": 52}, "": {"executed_lines": [7, 8, 9, 12, 13, 32, 52], "summary": {"covered_lines": 7, "num_statements": 7, "percent_covered": 100.0, "percent_covered_display": "100", "missing_lines": 0, "excluded_lines": 0, "percent_statements_covered": 100.0, "percent_statements_covered_display": "100"}, "missing_lines": [], "excluded_lines": [], "start_line": 1}}, "classes": {"": {"executed_lines": [7, 8, 9, 12, 13, 29, 32, 47, 48, 49, 52, 67, 68, 70, 71], "summary": {"covered_lines": 15, "num_statements": 15, "percent_covered": 100.0, "percent_covered_display": "100", "missing_lines": 0, "excluded_lines": 0, "percent_statements_covered": 100.0, "percent_statements_covered_display": "100"}, "missing_lines": [], "excluded_lines": [], "start_line": 1}}}}, "totals": {"covered_lines": 1544, "num_statements": 3740, "percent_covered": 41.283422459893046, "percent_covered_display": "41", "missing_lines": 2196, "excluded_lines": 167, "percent_statements_covered": 41.283422459893046, "percent_statements_covered_display": "41"}}